{"timestamp":"2025-08-12T12:05:58.318Z","level":"info","category":"email","message":"Email configuration loaded","data":{"method":"smtp","hasApiKey":true,"hasSmtp":true,"fallbackEnabled":true}}
{"timestamp":"2025-08-12T12:05:58.322Z","level":"info","category":"email","message":"Attempting to send email","data":{"to":"johaswe@gmail.com","subject":"Påminnelse: Slutför din bokningsbetalning (0ef649b)","method":"smtp","messageType":"general"}}
{"timestamp":"2025-08-12T12:06:00.274Z","level":"info","category":"email","message":"Email sent via SMTP","data":{"to":"johaswe@gmail.com","subject":"Påminnelse: Slutför din bokningsbetalning (0ef649b)","messageType":"general","emailId":"general","sentAt":"2025-08-12T12:06:00.274Z"}}
{"timestamp":"2025-08-12T12:06:00.277Z","level":"info","category":"email","message":"Emails sent for trigger: booking_payment_reminder","data":{"results":[true]},"userId":"318afc36-aa82-4521-8927-c4adfd45587c"}
{"timestamp":"2025-08-12T12:21:08.591Z","level":"info","category":"email","message":"Email configuration loaded","data":{"method":"smtp","hasApiKey":true,"hasSmtp":true,"fallbackEnabled":true}}
{"timestamp":"2025-08-12T12:21:08.593Z","level":"info","category":"email","message":"Attempting to send email","data":{"to":"johaswe@gmail.com","subject":"Påminnelse: Slutför din bokningsbetalning (0ef649b)","method":"smtp","messageType":"general"}}
{"timestamp":"2025-08-12T12:21:10.082Z","level":"info","category":"email","message":"Email sent via SMTP","data":{"to":"johaswe@gmail.com","subject":"Påminnelse: Slutför din bokningsbetalning (0ef649b)","messageType":"general","emailId":"general","sentAt":"2025-08-12T12:21:10.081Z"}}
{"timestamp":"2025-08-12T12:21:10.084Z","level":"info","category":"email","message":"Emails sent for trigger: booking_payment_reminder","data":{"results":[true]},"userId":"318afc36-aa82-4521-8927-c4adfd45587c"}
{"timestamp":"2025-08-12T12:59:08.379Z","level":"info","category":"email","message":"Email configuration loaded","data":{"method":"smtp","hasApiKey":true,"hasSmtp":true,"fallbackEnabled":true}}
{"timestamp":"2025-08-12T12:59:08.382Z","level":"info","category":"email","message":"Attempting to send email","data":{"to":"johaswe@gmail.com","subject":"Påminnelse: Betalning för paket","method":"smtp","messageType":"general"}}
{"timestamp":"2025-08-12T12:59:10.121Z","level":"info","category":"email","message":"Email sent via SMTP","data":{"to":"johaswe@gmail.com","subject":"Påminnelse: Betalning för paket","messageType":"general","emailId":"general","sentAt":"2025-08-12T12:59:10.121Z"}}
{"timestamp":"2025-08-12T12:59:10.122Z","level":"info","category":"email","message":"Emails sent for trigger: package_payment_reminder","data":{"results":[true]},"userId":""}
{"timestamp":"2025-08-12T13:00:55.112Z","level":"info","category":"email","message":"Email configuration loaded","data":{"method":"smtp","hasApiKey":true,"hasSmtp":true,"fallbackEnabled":true}}
{"timestamp":"2025-08-12T13:00:55.115Z","level":"info","category":"email","message":"Attempting to send email","data":{"to":"johaswe@gmail.com","subject":"Betalning för Handledarutbildning","method":"smtp","messageType":"general"}}
{"timestamp":"2025-08-12T13:00:56.809Z","level":"info","category":"email","message":"Email sent via SMTP","data":{"to":"johaswe@gmail.com","subject":"Betalning för Handledarutbildning","messageType":"general","emailId":"general","sentAt":"2025-08-12T13:00:56.809Z"}}
{"timestamp":"2025-08-12T13:01:23.596Z","level":"info","category":"email","message":"Email configuration loaded","data":{"method":"smtp","hasApiKey":true,"hasSmtp":true,"fallbackEnabled":true}}
{"timestamp":"2025-08-12T13:01:23.597Z","level":"info","category":"email","message":"Attempting to send email","data":{"to":"johaswe@gmail.com","subject":"Betalningskontroll krävs","method":"smtp","messageType":"payment_confirmation"}}
{"timestamp":"2025-08-12T13:01:24.954Z","level":"info","category":"email","message":"Email sent via SMTP","data":{"to":"johaswe@gmail.com","subject":"Betalningskontroll krävs","messageType":"payment_confirmation","emailId":"payment_confirmation","sentAt":"2025-08-12T13:01:24.954Z"}}
{"timestamp":"2025-08-12T13:01:24.961Z","level":"error","category":"email","message":"Emails sent for trigger: swish_payment_verification","data":{"results":[true,false]},"userId":"318afc36-aa82-4521-8927-c4adfd45587c"}
{"timestamp":"2025-08-12T13:04:23.255Z","level":"info","category":"email","message":"Email configuration loaded","data":{"method":"smtp","hasApiKey":true,"hasSmtp":true,"fallbackEnabled":true}}
{"timestamp":"2025-08-12T13:04:23.257Z","level":"info","category":"email","message":"Attempting to send email","data":{"to":"johaswe@gmail.com","subject":"Påminnelse: Betalning för handledarutbildning","method":"smtp","messageType":"general"}}
{"timestamp":"2025-08-12T13:04:25.396Z","level":"info","category":"email","message":"Email sent via SMTP","data":{"to":"johaswe@gmail.com","subject":"Påminnelse: Betalning för handledarutbildning","messageType":"general","emailId":"general","sentAt":"2025-08-12T13:04:25.396Z"}}
{"timestamp":"2025-08-12T13:09:42.466Z","level":"info","category":"email","message":"Email configuration loaded","data":{"method":"smtp","hasApiKey":true,"hasSmtp":true,"fallbackEnabled":true}}
{"timestamp":"2025-08-12T13:09:42.467Z","level":"info","category":"email","message":"Attempting to send email","data":{"to":"johaswe@gmail.com","subject":"Betalning för Handledarutbildning","method":"smtp","messageType":"general"}}
{"timestamp":"2025-08-12T13:09:45.286Z","level":"info","category":"email","message":"Email sent via SMTP","data":{"to":"johaswe@gmail.com","subject":"Betalning för Handledarutbildning","messageType":"general","emailId":"general","sentAt":"2025-08-12T13:09:45.286Z"}}
{"timestamp":"2025-08-12T13:10:02.350Z","level":"info","category":"email","message":"Email configuration loaded","data":{"method":"smtp","hasApiKey":true,"hasSmtp":true,"fallbackEnabled":true}}
{"timestamp":"2025-08-12T13:10:02.351Z","level":"info","category":"email","message":"Attempting to send email","data":{"to":"johaswe@gmail.com","subject":"Betalningskontroll krävs","method":"smtp","messageType":"payment_confirmation"}}
{"timestamp":"2025-08-12T13:10:04.091Z","level":"info","category":"email","message":"Email sent via SMTP","data":{"to":"johaswe@gmail.com","subject":"Betalningskontroll krävs","messageType":"payment_confirmation","emailId":"payment_confirmation","sentAt":"2025-08-12T13:10:04.091Z"}}
{"timestamp":"2025-08-12T13:10:04.095Z","level":"error","category":"email","message":"Emails sent for trigger: swish_payment_verification","data":{"results":[true,false]},"userId":"318afc36-aa82-4521-8927-c4adfd45587c"}
{"timestamp":"2025-08-12T14:18:46.207Z","level":"info","category":"email","message":"Email configuration loaded","data":{"method":"smtp","hasApiKey":true,"hasSmtp":true,"fallbackEnabled":true}}
{"timestamp":"2025-08-12T14:18:46.210Z","level":"info","category":"email","message":"Attempting to send email","data":{"to":"johaswe@gmail.com","subject":"Avbokning – Handledarutbildning","method":"smtp","messageType":"general"}}
{"timestamp":"2025-08-12T14:18:48.833Z","level":"info","category":"email","message":"Email sent via SMTP","data":{"to":"johaswe@gmail.com","subject":"Avbokning – Handledarutbildning","messageType":"general","emailId":"general","sentAt":"2025-08-12T14:18:48.833Z"}}
{"timestamp":"2025-08-12T14:21:21.573Z","level":"info","category":"email","message":"Email configuration loaded","data":{"method":"smtp","hasApiKey":true,"hasSmtp":true,"fallbackEnabled":true}}
{"timestamp":"2025-08-12T14:21:21.574Z","level":"info","category":"email","message":"Attempting to send email","data":{"to":"johaswe@gmail.com","subject":"Betalning för Handledarutbildning","method":"smtp","messageType":"general"}}
{"timestamp":"2025-08-12T14:21:23.756Z","level":"info","category":"email","message":"Email sent via SMTP","data":{"to":"johaswe@gmail.com","subject":"Betalning för Handledarutbildning","messageType":"general","emailId":"general","sentAt":"2025-08-12T14:21:23.756Z"}}
