{"timestamp":"2025-08-06T07:00:39.519Z","level":"info","category":"email","message":"Email configuration loaded","data":{"method":"internal","hasApiKey":true,"hasSmtp":false,"fallbackEnabled":true}}
{"timestamp":"2025-08-06T07:00:39.522Z","level":"info","category":"email","message":"Attempting to send email","data":{"to":"johaswe@gmail.com","subject":"Nytt kontaktformulär från Joel","method":"internal"}}
{"timestamp":"2025-08-06T07:00:39.524Z","level":"info","category":"email","message":"Using internal messaging as final fallback","data":{"to":"johaswe@gmail.com"}}
{"timestamp":"2025-08-06T07:00:40.062Z","level":"info","category":"email","message":"Email saved as internal message","data":{"to":"johaswe@gmail.com","subject":"Nytt kontaktformulär från Joel"}}
{"timestamp":"2025-08-06T07:08:26.521Z","level":"info","category":"email","message":"Email configuration loaded","data":{"method":"internal","hasApiKey":true,"hasSmtp":false,"fallbackEnabled":true}}
{"timestamp":"2025-08-06T07:08:26.524Z","level":"info","category":"email","message":"Attempting to send email","data":{"to":"johaswe@gmail.com","subject":"Nytt kontaktformulär från Joel","method":"internal"}}
{"timestamp":"2025-08-06T07:08:26.525Z","level":"info","category":"email","message":"Using internal messaging as final fallback","data":{"to":"johaswe@gmail.com"}}
{"timestamp":"2025-08-06T07:08:27.137Z","level":"info","category":"email","message":"Email saved as internal message","data":{"to":"johaswe@gmail.com","subject":"Nytt kontaktformulär från Joel"}}
{"timestamp":"2025-08-06T07:14:57.983Z","level":"info","category":"email","message":"Email configuration loaded","data":{"method":"smtp","hasApiKey":true,"hasSmtp":true,"fallbackEnabled":true}}
{"timestamp":"2025-08-06T07:14:57.986Z","level":"info","category":"email","message":"Attempting to send email","data":{"to":"johaswe@gmail.com","subject":"Test kontaktformulär från Din Trafikskola Hässleholm","method":"smtp"}}
{"timestamp":"2025-08-06T07:14:59.075Z","level":"info","category":"email","message":"Email sent via SMTP","data":{"to":"johaswe@gmail.com","subject":"Test kontaktformulär från Din Trafikskola Hässleholm","sentAt":"2025-08-06T07:14:59.075Z"}}
{"timestamp":"2025-08-06T07:18:25.212Z","level":"info","category":"email","message":"Email configuration loaded","data":{"method":"smtp","hasApiKey":true,"hasSmtp":true,"fallbackEnabled":true}}
{"timestamp":"2025-08-06T07:18:25.216Z","level":"info","category":"email","message":"Attempting to send email","data":{"to":"johaswe@gmail.com","subject":"Nytt kontaktformulär från Joel","method":"smtp"}}
{"timestamp":"2025-08-06T07:18:27.322Z","level":"info","category":"email","message":"Email sent via SMTP","data":{"to":"johaswe@gmail.com","subject":"Nytt kontaktformulär från Joel","sentAt":"2025-08-06T07:18:27.322Z"}}
{"timestamp":"2025-08-06T09:01:56.392Z","level":"info","category":"email","message":"Email configuration loaded","data":{"method":"smtp","hasApiKey":true,"hasSmtp":true,"fallbackEnabled":true}}
{"timestamp":"2025-08-06T09:01:56.395Z","level":"info","category":"email","message":"Attempting to send email","data":{"to":"johaswe@gmail.com","subject":"[TEST] Körlektion bekräftad test - Din Trafikskola Hässleholm","method":"smtp","messageType":"test"}}
{"timestamp":"2025-08-06T09:01:57.708Z","level":"info","category":"email","message":"Email sent via SMTP","data":{"to":"johaswe@gmail.com","subject":"[TEST] Körlektion bekräftad test - Din Trafikskola Hässleholm","messageType":"test","emailId":"test","sentAt":"2025-08-06T09:01:57.708Z"}}
{"timestamp":"2025-08-06T09:01:57.710Z","level":"info","category":"email","message":"Test email sent","data":{"templateId":"373d4e59-751d-4934-a944-56b01d92be92","templateType":"new_booking","testEmail":"johaswe@gmail.com","success":true,"adminUser":"admin@test.se"},"userId":"83a58dca-0b5b-40f7-9b26-a20801dd223d"}
{"timestamp":"2025-08-06T09:15:17.904Z","level":"info","category":"email","message":"Email configuration loaded","data":{"method":"smtp","hasApiKey":true,"hasSmtp":true,"fallbackEnabled":true}}
{"timestamp":"2025-08-06T09:15:17.907Z","level":"info","category":"email","message":"Attempting to send email","data":{"to":"johaswe@gmail.com","subject":"[TEST] Välkommen till Din Trafikskola Hässleholm!","method":"smtp","messageType":"test"}}
{"timestamp":"2025-08-06T09:15:19.535Z","level":"info","category":"email","message":"Email sent via SMTP","data":{"to":"johaswe@gmail.com","subject":"[TEST] Välkommen till Din Trafikskola Hässleholm!","messageType":"test","emailId":"test","sentAt":"2025-08-06T09:15:19.535Z"}}
{"timestamp":"2025-08-06T09:15:19.536Z","level":"info","category":"email","message":"Test email sent","data":{"templateId":"806f5dfb-1d59-4477-98aa-ab2f4c5e1c7e","templateType":"new_user","testEmail":"johaswe@gmail.com","success":true,"adminUser":"admin@test.se"},"userId":"83a58dca-0b5b-40f7-9b26-a20801dd223d"}
{"timestamp":"2025-08-06T09:16:21.176Z","level":"info","category":"email","message":"Email configuration loaded","data":{"method":"smtp","hasApiKey":true,"hasSmtp":true,"fallbackEnabled":true}}
{"timestamp":"2025-08-06T09:16:21.177Z","level":"info","category":"email","message":"Attempting to send email","data":{"to":"johaswe@gmail.com","subject":"Betalning bekräftad - B-körkort","method":"smtp","messageType":"payment_confirmation"}}
{"timestamp":"2025-08-06T09:16:22.571Z","level":"info","category":"email","message":"Email sent via SMTP","data":{"to":"johaswe@gmail.com","subject":"Betalning bekräftad - B-körkort","messageType":"payment_confirmation","emailId":"payment_confirmation","sentAt":"2025-08-06T09:16:22.571Z"}}
{"timestamp":"2025-08-06T09:16:22.575Z","level":"info","category":"email","message":"Emails sent for trigger: payment_confirmed","data":{"results":[true]},"userId":"d601c43a-599c-4715-8b9a-65fe092c6c11"}
{"timestamp":"2025-08-06T09:16:23.414Z","level":"info","category":"email","message":"Email configuration loaded","data":{"method":"smtp","hasApiKey":true,"hasSmtp":true,"fallbackEnabled":true}}
{"timestamp":"2025-08-06T09:16:23.417Z","level":"info","category":"email","message":"Attempting to send email","data":{"to":"johaswe@gmail.com","subject":"Körlektion bekräftad - Din Trafikskola Hässleholm","method":"smtp","messageType":"general"}}
{"timestamp":"2025-08-06T09:16:24.763Z","level":"info","category":"email","message":"Email sent via SMTP","data":{"to":"johaswe@gmail.com","subject":"Körlektion bekräftad - Din Trafikskola Hässleholm","messageType":"general","emailId":"general","sentAt":"2025-08-06T09:16:24.763Z"}}
{"timestamp":"2025-08-06T09:16:24.767Z","level":"info","category":"email","message":"Emails sent for trigger: booking_confirmed","data":{"results":[true]},"userId":"d601c43a-599c-4715-8b9a-65fe092c6c11"}
{"timestamp":"2025-08-06T09:25:11.956Z","level":"info","category":"email","message":"Email configuration loaded","data":{"method":"smtp","hasApiKey":true,"hasSmtp":true,"fallbackEnabled":true}}
{"timestamp":"2025-08-06T09:25:11.960Z","level":"info","category":"email","message":"Attempting to send email","data":{"to":"johaswe@gmail.com","subject":"Välkommen till Din Trafikskola Hässleholm!","method":"smtp","messageType":"general"}}
{"timestamp":"2025-08-06T09:25:14.237Z","level":"info","category":"email","message":"Email sent via SMTP","data":{"to":"johaswe@gmail.com","subject":"Välkommen till Din Trafikskola Hässleholm!","messageType":"general","emailId":"general","sentAt":"2025-08-06T09:25:14.237Z"}}
{"timestamp":"2025-08-06T09:25:14.238Z","level":"info","category":"email","message":"Emails sent for trigger: new_user","data":{"results":[true]},"userId":"318afc36-aa82-4521-8927-c4adfd45587c"}
{"timestamp":"2025-08-06T09:45:35.160Z","level":"info","category":"email","message":"Email configuration loaded","data":{"method":"smtp","hasApiKey":true,"hasSmtp":true,"fallbackEnabled":true}}
{"timestamp":"2025-08-06T09:45:35.163Z","level":"info","category":"email","message":"Attempting to send email","data":{"to":"testguest1754118316951@example.com","subject":"Nytt lösenord - Din Trafikskola Hässleholm","method":"smtp","messageType":"general"}}
{"timestamp":"2025-08-06T09:45:35.483Z","level":"info","category":"email","message":"Email configuration loaded","data":{"method":"smtp","hasApiKey":true,"hasSmtp":true,"fallbackEnabled":true}}
{"timestamp":"2025-08-06T09:45:35.489Z","level":"info","category":"email","message":"Attempting to send email","data":{"to":"testguest1754118316951@example.com","subject":"Nytt lösenord - Din Trafikskola Hässleholm","method":"smtp","messageType":"general"}}
{"timestamp":"2025-08-06T09:45:38.617Z","level":"info","category":"email","message":"Email sent via SMTP","data":{"to":"testguest1754118316951@example.com","subject":"Nytt lösenord - Din Trafikskola Hässleholm","messageType":"general","emailId":"general","sentAt":"2025-08-06T09:45:38.617Z"}}
{"timestamp":"2025-08-06T09:45:38.618Z","level":"info","category":"email","message":"Emails sent for trigger: new_password","data":{"results":[true]},"userId":"e9ed41c9-ae6a-4b61-a3dd-1b9e3baabb53"}
{"timestamp":"2025-08-06T09:45:38.624Z","level":"info","category":"email","message":"Email sent via SMTP","data":{"to":"testguest1754118316951@example.com","subject":"Nytt lösenord - Din Trafikskola Hässleholm","messageType":"general","emailId":"general","sentAt":"2025-08-06T09:45:38.624Z"}}
{"timestamp":"2025-08-06T09:45:38.624Z","level":"info","category":"email","message":"Emails sent for trigger: new_password","data":{"results":[true]},"userId":"e9ed41c9-ae6a-4b61-a3dd-1b9e3baabb53"}
{"timestamp":"2025-08-06T11:44:45.971Z","level":"info","category":"email","message":"Email configuration loaded","data":{"method":"smtp","hasApiKey":true,"hasSmtp":true,"fallbackEnabled":true}}
{"timestamp":"2025-08-06T11:44:45.975Z","level":"info","category":"email","message":"Attempting to send email","data":{"to":"temp@example.com","subject":"Välkommen till Din Trafikskola Hässleholm!","method":"smtp","messageType":"general"}}
{"timestamp":"2025-08-06T11:44:48.876Z","level":"info","category":"email","message":"Email sent via SMTP","data":{"to":"temp@example.com","subject":"Välkommen till Din Trafikskola Hässleholm!","messageType":"general","emailId":"general","sentAt":"2025-08-06T11:44:48.876Z"}}
{"timestamp":"2025-08-06T11:44:48.877Z","level":"info","category":"email","message":"Emails sent for trigger: new_user","data":{"results":[true]},"userId":"93763853-3b50-4bd3-ae6b-24278658f96d"}
{"timestamp":"2025-08-06T11:46:13.703Z","level":"info","category":"email","message":"Email configuration loaded","data":{"method":"smtp","hasApiKey":true,"hasSmtp":true,"fallbackEnabled":true}}
{"timestamp":"2025-08-06T11:46:13.706Z","level":"info","category":"email","message":"Attempting to send email","data":{"to":"admin@test.se","subject":"Betalning bekräftad - Körlektion","method":"smtp","messageType":"payment_confirmation"}}
{"timestamp":"2025-08-06T11:46:15.099Z","level":"info","category":"email","message":"Email sent via SMTP","data":{"to":"admin@test.se","subject":"Betalning bekräftad - Körlektion","messageType":"payment_confirmation","emailId":"payment_confirmation","sentAt":"2025-08-06T11:46:15.099Z"}}
{"timestamp":"2025-08-06T11:46:15.101Z","level":"info","category":"email","message":"Emails sent for trigger: payment_confirmed","data":{"results":[true]},"userId":"83a58dca-0b5b-40f7-9b26-a20801dd223d"}
{"timestamp":"2025-08-06T11:46:16.141Z","level":"info","category":"email","message":"Email configuration loaded","data":{"method":"smtp","hasApiKey":true,"hasSmtp":true,"fallbackEnabled":true}}
{"timestamp":"2025-08-06T11:46:16.142Z","level":"info","category":"email","message":"Attempting to send email","data":{"to":"admin@test.se","subject":"Körlektion bekräftad - Din Trafikskola Hässleholm","method":"smtp","messageType":"general"}}
{"timestamp":"2025-08-06T11:46:17.479Z","level":"info","category":"email","message":"Email sent via SMTP","data":{"to":"admin@test.se","subject":"Körlektion bekräftad - Din Trafikskola Hässleholm","messageType":"general","emailId":"general","sentAt":"2025-08-06T11:46:17.479Z"}}
{"timestamp":"2025-08-06T11:46:17.481Z","level":"info","category":"email","message":"Emails sent for trigger: booking_confirmed","data":{"results":[true]},"userId":"83a58dca-0b5b-40f7-9b26-a20801dd223d"}
{"timestamp":"2025-08-06T11:48:04.214Z","level":"info","category":"email","message":"Email configuration loaded","data":{"method":"smtp","hasApiKey":true,"hasSmtp":true,"fallbackEnabled":true}}
{"timestamp":"2025-08-06T11:48:04.216Z","level":"info","category":"email","message":"Attempting to send email","data":{"to":"admin@test.se","subject":"Betalning bekräftad - Körlektion","method":"smtp","messageType":"payment_confirmation"}}
{"timestamp":"2025-08-06T11:48:05.761Z","level":"info","category":"email","message":"Email sent via SMTP","data":{"to":"admin@test.se","subject":"Betalning bekräftad - Körlektion","messageType":"payment_confirmation","emailId":"payment_confirmation","sentAt":"2025-08-06T11:48:05.761Z"}}
{"timestamp":"2025-08-06T11:48:05.763Z","level":"info","category":"email","message":"Emails sent for trigger: payment_confirmed","data":{"results":[true]},"userId":"83a58dca-0b5b-40f7-9b26-a20801dd223d"}
{"timestamp":"2025-08-06T11:48:06.883Z","level":"info","category":"email","message":"Email configuration loaded","data":{"method":"smtp","hasApiKey":true,"hasSmtp":true,"fallbackEnabled":true}}
{"timestamp":"2025-08-06T11:48:06.884Z","level":"info","category":"email","message":"Attempting to send email","data":{"to":"admin@test.se","subject":"Körlektion bekräftad - Din Trafikskola Hässleholm","method":"smtp","messageType":"general"}}
{"timestamp":"2025-08-06T11:48:08.323Z","level":"info","category":"email","message":"Email sent via SMTP","data":{"to":"admin@test.se","subject":"Körlektion bekräftad - Din Trafikskola Hässleholm","messageType":"general","emailId":"general","sentAt":"2025-08-06T11:48:08.323Z"}}
{"timestamp":"2025-08-06T11:48:08.324Z","level":"info","category":"email","message":"Emails sent for trigger: booking_confirmed","data":{"results":[true]},"userId":"83a58dca-0b5b-40f7-9b26-a20801dd223d"}
{"timestamp":"2025-08-06T12:00:22.129Z","level":"info","category":"email","message":"Email configuration loaded","data":{"method":"smtp","hasApiKey":true,"hasSmtp":true,"fallbackEnabled":true}}
{"timestamp":"2025-08-06T12:00:22.132Z","level":"info","category":"email","message":"Attempting to send email","data":{"to":"admin@test.se","subject":"Betalning bekräftad - Körlektion","method":"smtp","messageType":"payment_confirmation"}}
{"timestamp":"2025-08-06T12:00:23.821Z","level":"info","category":"email","message":"Email sent via SMTP","data":{"to":"admin@test.se","subject":"Betalning bekräftad - Körlektion","messageType":"payment_confirmation","emailId":"payment_confirmation","sentAt":"2025-08-06T12:00:23.821Z"}}
{"timestamp":"2025-08-06T12:00:23.823Z","level":"info","category":"email","message":"Emails sent for trigger: payment_confirmed","data":{"results":[true]},"userId":"83a58dca-0b5b-40f7-9b26-a20801dd223d"}
{"timestamp":"2025-08-06T12:00:24.883Z","level":"info","category":"email","message":"Email configuration loaded","data":{"method":"smtp","hasApiKey":true,"hasSmtp":true,"fallbackEnabled":true}}
{"timestamp":"2025-08-06T12:00:24.885Z","level":"info","category":"email","message":"Attempting to send email","data":{"to":"admin@test.se","subject":"Körlektion bekräftad - Din Trafikskola Hässleholm","method":"smtp","messageType":"general"}}
{"timestamp":"2025-08-06T12:00:26.060Z","level":"info","category":"email","message":"Email sent via SMTP","data":{"to":"admin@test.se","subject":"Körlektion bekräftad - Din Trafikskola Hässleholm","messageType":"general","emailId":"general","sentAt":"2025-08-06T12:00:26.060Z"}}
{"timestamp":"2025-08-06T12:00:26.063Z","level":"info","category":"email","message":"Emails sent for trigger: booking_confirmed","data":{"results":[true]},"userId":"83a58dca-0b5b-40f7-9b26-a20801dd223d"}
{"timestamp":"2025-08-06T12:44:52.100Z","level":"error","category":"email","message":"Emails sent for trigger: new_booking","data":{"results":[false]},"userId":""}
{"timestamp":"2025-08-06T12:44:53.080Z","level":"info","category":"email","message":"Email configuration loaded","data":{"method":"smtp","hasApiKey":true,"hasSmtp":true,"fallbackEnabled":true}}
{"timestamp":"2025-08-06T12:44:53.082Z","level":"info","category":"email","message":"Attempting to send email","data":{"to":"orderid-1754484287925@dintrafikskolahlm.se","subject":"Betalningspåminnelse - Handledarutbildning","method":"smtp","messageType":"payment_confirmation"}}
{"timestamp":"2025-08-06T12:44:54.329Z","level":"error","category":"email","message":"SMTP email failed","data":{"to":"orderid-1754484287925@dintrafikskolahlm.se","subject":"Betalningspåminnelse - Handledarutbildning","error":"Can't send mail - all recipients were rejected: 550 5.1.1 <orderid-1754484287925@dintrafikskolahlm.se>: Recipient address rejected: User unknown in relay recipient table"}}
{"timestamp":"2025-08-06T12:44:54.332Z","level":"info","category":"email","message":"Using internal messaging as final fallback","data":{"to":"orderid-1754484287925@dintrafikskolahlm.se"}}
{"timestamp":"2025-08-06T12:44:54.378Z","level":"warn","category":"email","message":"Cannot save as internal message - user not found","data":{"email":"orderid-1754484287925@dintrafikskolahlm.se"}}
{"timestamp":"2025-08-06T12:44:54.382Z","level":"error","category":"email","message":"All email delivery methods failed","data":{"to":"orderid-1754484287925@dintrafikskolahlm.se","subject":"Betalningspåminnelse - Handledarutbildning"}}
{"timestamp":"2025-08-06T12:44:54.384Z","level":"error","category":"email","message":"Emails sent for trigger: payment_reminder","data":{"results":[false]},"userId":""}
{"timestamp":"2025-08-06T12:55:20.206Z","level":"info","category":"email","message":"Email configuration loaded","data":{"method":"smtp","hasApiKey":true,"hasSmtp":true,"fallbackEnabled":true}}
{"timestamp":"2025-08-06T12:55:20.210Z","level":"info","category":"email","message":"Attempting to send email","data":{"to":"test@example.com","subject":"[TEST] Nytt kontaktformulär från Test Testsson","method":"smtp"}}
{"timestamp":"2025-08-06T12:55:21.308Z","level":"info","category":"email","message":"Email sent via SMTP","data":{"to":"test@example.com","subject":"[TEST] Nytt kontaktformulär från Test Testsson","sentAt":"2025-08-06T12:55:21.308Z"}}
{"timestamp":"2025-08-06T12:55:21.310Z","level":"info","category":"email","message":"Contact form design test email sent","data":{"testEmail":"test@example.com","success":true,"adminUser":"admin@test.se"},"userId":"83a58dca-0b5b-40f7-9b26-a20801dd223d"}
{"timestamp":"2025-08-06T12:56:33.820Z","level":"error","category":"email","message":"Emails sent for trigger: swish_payment_verification","data":{"results":[false]},"userId":"test-user-id"}
{"timestamp":"2025-08-06T13:04:06.389Z","level":"error","category":"email","message":"Emails sent for trigger: swish_payment_verification","data":{"results":[false]},"userId":"test-user-id"}
{"timestamp":"2025-08-06T13:05:42.899Z","level":"error","category":"email","message":"Emails sent for trigger: swish_payment_verification","data":{"results":[false]},"userId":"test-user-id"}
{"timestamp":"2025-08-06T13:07:24.717Z","level":"error","category":"email","message":"Emails sent for trigger: swish_payment_verification","data":{"results":[false]},"userId":""}
{"timestamp":"2025-08-06T13:22:50.357Z","level":"info","category":"email","message":"Email configuration loaded","data":{"method":"smtp","hasApiKey":true,"hasSmtp":true,"fallbackEnabled":true}}
{"timestamp":"2025-08-06T13:22:50.360Z","level":"info","category":"email","message":"Attempting to send email","data":{"to":"johaswe@gmail.com","subject":"Swish betalning väntar på verifiering - Din Trafikskola Hässleholm","method":"smtp","messageType":"payment_confirmation"}}
{"timestamp":"2025-08-06T13:22:51.882Z","level":"info","category":"email","message":"Email sent via SMTP","data":{"to":"johaswe@gmail.com","subject":"Swish betalning väntar på verifiering - Din Trafikskola Hässleholm","messageType":"payment_confirmation","emailId":"payment_confirmation","sentAt":"2025-08-06T13:22:51.882Z"}}
{"timestamp":"2025-08-06T13:22:51.886Z","level":"info","category":"email","message":"Emails sent for trigger: swish_payment_verification","data":{"results":[true]},"userId":"test-user-id"}
{"timestamp":"2025-08-06T16:25:07.880Z","level":"info","category":"email","message":"Email configuration loaded","data":{"method":"smtp","hasApiKey":true,"hasSmtp":true,"fallbackEnabled":true}}
{"timestamp":"2025-08-06T16:25:07.885Z","level":"info","category":"email","message":"Attempting to send email","data":{"to":"admin@test.se","subject":"Betalning bekräftad - Körlektion","method":"smtp","messageType":"payment_confirmation"}}
{"timestamp":"2025-08-06T16:25:09.408Z","level":"info","category":"email","message":"Email sent via SMTP","data":{"to":"admin@test.se","subject":"Betalning bekräftad - Körlektion","messageType":"payment_confirmation","emailId":"payment_confirmation","sentAt":"2025-08-06T16:25:09.408Z"}}
{"timestamp":"2025-08-06T16:25:09.411Z","level":"info","category":"email","message":"Emails sent for trigger: payment_confirmed","data":{"results":[true]},"userId":"83a58dca-0b5b-40f7-9b26-a20801dd223d"}
{"timestamp":"2025-08-06T16:25:10.365Z","level":"info","category":"email","message":"Email configuration loaded","data":{"method":"smtp","hasApiKey":true,"hasSmtp":true,"fallbackEnabled":true}}
{"timestamp":"2025-08-06T16:25:10.366Z","level":"info","category":"email","message":"Attempting to send email","data":{"to":"admin@test.se","subject":"Körlektion bekräftad - Din Trafikskola Hässleholm","method":"smtp","messageType":"booking_related"}}
{"timestamp":"2025-08-06T16:25:11.742Z","level":"info","category":"email","message":"Email sent via SMTP","data":{"to":"admin@test.se","subject":"Körlektion bekräftad - Din Trafikskola Hässleholm","messageType":"booking_related","emailId":"booking_related","sentAt":"2025-08-06T16:25:11.742Z"}}
{"timestamp":"2025-08-06T16:25:11.743Z","level":"info","category":"email","message":"Emails sent for trigger: booking_confirmed","data":{"results":[true]},"userId":"83a58dca-0b5b-40f7-9b26-a20801dd223d"}
{"timestamp":"2025-08-06T16:44:23.386Z","level":"info","category":"email","message":"Email configuration loaded","data":{"method":"smtp","hasApiKey":true,"hasSmtp":true,"fallbackEnabled":true}}
{"timestamp":"2025-08-06T16:44:23.389Z","level":"info","category":"email","message":"Attempting to send email","data":{"to":"admin@test.se","subject":"Betalning bekräftad - Körlektion","method":"smtp","messageType":"payment_confirmation"}}
{"timestamp":"2025-08-06T16:44:24.899Z","level":"info","category":"email","message":"Email sent via SMTP","data":{"to":"admin@test.se","subject":"Betalning bekräftad - Körlektion","messageType":"payment_confirmation","emailId":"payment_confirmation","sentAt":"2025-08-06T16:44:24.899Z"}}
{"timestamp":"2025-08-06T16:44:24.902Z","level":"info","category":"email","message":"Emails sent for trigger: payment_confirmed","data":{"results":[true]},"userId":"83a58dca-0b5b-40f7-9b26-a20801dd223d"}
{"timestamp":"2025-08-06T16:44:25.800Z","level":"info","category":"email","message":"Email configuration loaded","data":{"method":"smtp","hasApiKey":true,"hasSmtp":true,"fallbackEnabled":true}}
{"timestamp":"2025-08-06T16:44:25.804Z","level":"info","category":"email","message":"Attempting to send email","data":{"to":"admin@test.se","subject":"Körlektion bekräftad - Din Trafikskola Hässleholm","method":"smtp","messageType":"booking_related"}}
{"timestamp":"2025-08-06T16:44:26.915Z","level":"info","category":"email","message":"Email sent via SMTP","data":{"to":"admin@test.se","subject":"Körlektion bekräftad - Din Trafikskola Hässleholm","messageType":"booking_related","emailId":"booking_related","sentAt":"2025-08-06T16:44:26.915Z"}}
{"timestamp":"2025-08-06T16:44:26.918Z","level":"info","category":"email","message":"Emails sent for trigger: booking_confirmed","data":{"results":[true]},"userId":"83a58dca-0b5b-40f7-9b26-a20801dd223d"}
{"timestamp":"2025-08-06T17:03:48.773Z","level":"info","category":"email","message":"Email configuration loaded","data":{"method":"smtp","hasApiKey":true,"hasSmtp":true,"fallbackEnabled":true}}
{"timestamp":"2025-08-06T17:03:48.778Z","level":"info","category":"email","message":"Attempting to send email","data":{"to":"johaswe@gmail.com","subject":"Betalning bekräftad - B-körkort","method":"smtp","messageType":"payment_confirmation"}}
{"timestamp":"2025-08-06T17:03:50.173Z","level":"info","category":"email","message":"Email sent via SMTP","data":{"to":"johaswe@gmail.com","subject":"Betalning bekräftad - B-körkort","messageType":"payment_confirmation","emailId":"payment_confirmation","sentAt":"2025-08-06T17:03:50.173Z"}}
{"timestamp":"2025-08-06T17:03:50.176Z","level":"info","category":"email","message":"Emails sent for trigger: payment_confirmed","data":{"results":[true]},"userId":"318afc36-aa82-4521-8927-c4adfd45587c"}
{"timestamp":"2025-08-06T17:03:50.918Z","level":"info","category":"email","message":"Email configuration loaded","data":{"method":"smtp","hasApiKey":true,"hasSmtp":true,"fallbackEnabled":true}}
{"timestamp":"2025-08-06T17:03:50.921Z","level":"info","category":"email","message":"Attempting to send email","data":{"to":"johaswe@gmail.com","subject":"Körlektion bekräftad - Din Trafikskola Hässleholm","method":"smtp","messageType":"booking_related"}}
{"timestamp":"2025-08-06T17:03:52.240Z","level":"info","category":"email","message":"Email sent via SMTP","data":{"to":"johaswe@gmail.com","subject":"Körlektion bekräftad - Din Trafikskola Hässleholm","messageType":"booking_related","emailId":"booking_related","sentAt":"2025-08-06T17:03:52.240Z"}}
{"timestamp":"2025-08-06T17:03:52.242Z","level":"info","category":"email","message":"Emails sent for trigger: booking_confirmed","data":{"results":[true]},"userId":"318afc36-aa82-4521-8927-c4adfd45587c"}
{"timestamp":"2025-08-06T17:35:02.921Z","level":"info","category":"email","message":"Email configuration loaded","data":{"method":"smtp","hasApiKey":true,"hasSmtp":true,"fallbackEnabled":true}}
{"timestamp":"2025-08-06T17:35:02.924Z","level":"info","category":"email","message":"Attempting to send email","data":{"to":"johaswe@gmail.com","subject":"Betalning bekräftad - B-körkort","method":"smtp","messageType":"payment_confirmation"}}
{"timestamp":"2025-08-06T17:35:04.637Z","level":"info","category":"email","message":"Email sent via SMTP","data":{"to":"johaswe@gmail.com","subject":"Betalning bekräftad - B-körkort","messageType":"payment_confirmation","emailId":"payment_confirmation","sentAt":"2025-08-06T17:35:04.637Z"}}
{"timestamp":"2025-08-06T17:35:04.640Z","level":"info","category":"email","message":"Emails sent for trigger: payment_confirmed","data":{"results":[true]},"userId":"318afc36-aa82-4521-8927-c4adfd45587c"}
{"timestamp":"2025-08-06T17:35:05.383Z","level":"info","category":"email","message":"Email configuration loaded","data":{"method":"smtp","hasApiKey":true,"hasSmtp":true,"fallbackEnabled":true}}
{"timestamp":"2025-08-06T17:35:05.384Z","level":"info","category":"email","message":"Attempting to send email","data":{"to":"johaswe@gmail.com","subject":"Körlektion bekräftad - Din Trafikskola Hässleholm","method":"smtp","messageType":"booking_related"}}
{"timestamp":"2025-08-06T17:35:06.321Z","level":"info","category":"email","message":"Email sent via SMTP","data":{"to":"johaswe@gmail.com","subject":"Körlektion bekräftad - Din Trafikskola Hässleholm","messageType":"booking_related","emailId":"booking_related","sentAt":"2025-08-06T17:35:06.321Z"}}
{"timestamp":"2025-08-06T17:35:06.323Z","level":"info","category":"email","message":"Emails sent for trigger: booking_confirmed","data":{"results":[true]},"userId":"318afc36-aa82-4521-8927-c4adfd45587c"}
{"timestamp":"2025-08-06T17:35:53.669Z","level":"info","category":"email","message":"Email configuration loaded","data":{"method":"smtp","hasApiKey":true,"hasSmtp":true,"fallbackEnabled":true}}
{"timestamp":"2025-08-06T17:35:53.671Z","level":"info","category":"email","message":"Attempting to send email","data":{"to":"johaswe@gmail.com","subject":"Swish betalning väntar på verifiering - Din Trafikskola Hässleholm","method":"smtp","messageType":"payment_confirmation"}}
{"timestamp":"2025-08-06T17:35:54.856Z","level":"info","category":"email","message":"Email sent via SMTP","data":{"to":"johaswe@gmail.com","subject":"Swish betalning väntar på verifiering - Din Trafikskola Hässleholm","messageType":"payment_confirmation","emailId":"payment_confirmation","sentAt":"2025-08-06T17:35:54.856Z"}}
{"timestamp":"2025-08-06T17:35:54.858Z","level":"info","category":"email","message":"Emails sent for trigger: swish_payment_verification","data":{"results":[true]},"userId":""}
