{"timestamp":"2025-08-08T08:46:54.180Z","level":"info","category":"email","message":"Email configuration loaded","data":{"method":"smtp","hasApiKey":true,"hasSmtp":true,"fallbackEnabled":true}}
{"timestamp":"2025-08-08T08:46:54.210Z","level":"info","category":"email","message":"Attempting to send email","data":{"to":"johaswe@gmail.com","subject":"Betalning bekräftad - Bedömningslektion","method":"smtp","messageType":"payment_confirmation"}}
{"timestamp":"2025-08-08T08:46:55.785Z","level":"info","category":"email","message":"Email sent via SMTP","data":{"to":"johaswe@gmail.com","subject":"Betalning bekräftad - Bedömningslektion","messageType":"payment_confirmation","emailId":"payment_confirmation","sentAt":"2025-08-08T08:46:55.785Z"}}
{"timestamp":"2025-08-08T08:46:55.789Z","level":"info","category":"email","message":"Emails sent for trigger: payment_confirmed","data":{"results":[true]},"userId":"318afc36-aa82-4521-8927-c4adfd45587c"}
{"timestamp":"2025-08-08T08:46:56.843Z","level":"info","category":"email","message":"Email configuration loaded","data":{"method":"smtp","hasApiKey":true,"hasSmtp":true,"fallbackEnabled":true}}
{"timestamp":"2025-08-08T08:46:56.844Z","level":"info","category":"email","message":"Attempting to send email","data":{"to":"johaswe@gmail.com","subject":"Körlektion bekräftad - Din Trafikskola Hässleholm","method":"smtp","messageType":"booking_related"}}
{"timestamp":"2025-08-08T08:46:58.095Z","level":"info","category":"email","message":"Email sent via SMTP","data":{"to":"johaswe@gmail.com","subject":"Körlektion bekräftad - Din Trafikskola Hässleholm","messageType":"booking_related","emailId":"booking_related","sentAt":"2025-08-08T08:46:58.095Z"}}
{"timestamp":"2025-08-08T08:46:58.096Z","level":"info","category":"email","message":"Emails sent for trigger: booking_confirmed","data":{"results":[true]},"userId":"318afc36-aa82-4521-8927-c4adfd45587c"}
{"timestamp":"2025-08-08T08:51:23.862Z","level":"info","category":"email","message":"Email configuration loaded","data":{"method":"smtp","hasApiKey":true,"hasSmtp":true,"fallbackEnabled":true}}
{"timestamp":"2025-08-08T08:51:23.865Z","level":"info","category":"email","message":"Attempting to send email","data":{"to":"orderid-1754643079013@dintrafikskolahlm.se","subject":"Betalningspåminnelse - Handledarutbildning","method":"smtp","messageType":"payment_confirmation"}}
{"timestamp":"2025-08-08T08:51:25.599Z","level":"error","category":"email","message":"SMTP email failed","data":{"to":"orderid-1754643079013@dintrafikskolahlm.se","subject":"Betalningspåminnelse - Handledarutbildning","error":"Can't send mail - all recipients were rejected: 550 5.1.1 <orderid-1754643079013@dintrafikskolahlm.se>: Recipient address rejected: User unknown in relay recipient table"}}
{"timestamp":"2025-08-08T08:51:25.601Z","level":"info","category":"email","message":"Using internal messaging as final fallback","data":{"to":"orderid-1754643079013@dintrafikskolahlm.se"}}
{"timestamp":"2025-08-08T08:51:25.677Z","level":"warn","category":"email","message":"Cannot save as internal message - user not found","data":{"email":"orderid-1754643079013@dintrafikskolahlm.se"}}
{"timestamp":"2025-08-08T08:51:25.679Z","level":"error","category":"email","message":"All email delivery methods failed","data":{"to":"orderid-1754643079013@dintrafikskolahlm.se","subject":"Betalningspåminnelse - Handledarutbildning"}}
{"timestamp":"2025-08-08T08:51:25.680Z","level":"error","category":"email","message":"Emails sent for trigger: payment_reminder","data":{"results":[false]},"userId":""}
{"timestamp":"2025-08-08T09:41:17.325Z","level":"info","category":"email","message":"Email configuration loaded","data":{"method":"smtp","hasApiKey":true,"hasSmtp":true,"fallbackEnabled":true}}
{"timestamp":"2025-08-08T09:41:17.349Z","level":"info","category":"email","message":"Attempting to send email","data":{"to":"johaswe@gmail.com","subject":"Betalning bekräftad - Bedömningslektion","method":"smtp","messageType":"payment_confirmation"}}
{"timestamp":"2025-08-08T09:41:20.736Z","level":"info","category":"email","message":"Email sent via SMTP","data":{"to":"johaswe@gmail.com","subject":"Betalning bekräftad - Bedömningslektion","messageType":"payment_confirmation","emailId":"payment_confirmation","sentAt":"2025-08-08T09:41:20.736Z"}}
{"timestamp":"2025-08-08T09:41:20.738Z","level":"info","category":"email","message":"Emails sent for trigger: payment_confirmed","data":{"results":[true]},"userId":"318afc36-aa82-4521-8927-c4adfd45587c"}
{"timestamp":"2025-08-08T09:41:21.390Z","level":"info","category":"email","message":"Email configuration loaded","data":{"method":"smtp","hasApiKey":true,"hasSmtp":true,"fallbackEnabled":true}}
{"timestamp":"2025-08-08T09:41:21.391Z","level":"info","category":"email","message":"Attempting to send email","data":{"to":"johaswe@gmail.com","subject":"Körlektion bekräftad - Din Trafikskola Hässleholm","method":"smtp","messageType":"booking_related"}}
{"timestamp":"2025-08-08T09:41:22.743Z","level":"info","category":"email","message":"Email sent via SMTP","data":{"to":"johaswe@gmail.com","subject":"Körlektion bekräftad - Din Trafikskola Hässleholm","messageType":"booking_related","emailId":"booking_related","sentAt":"2025-08-08T09:41:22.742Z"}}
{"timestamp":"2025-08-08T09:41:22.745Z","level":"info","category":"email","message":"Emails sent for trigger: booking_confirmed","data":{"results":[true]},"userId":"318afc36-aa82-4521-8927-c4adfd45587c"}
