{"timestamp":"2025-08-11T14:47:49.841Z","level":"info","category":"email","message":"Email configuration loaded","data":{"method":"smtp","hasApiKey":true,"hasSmtp":true,"fallbackEnabled":true}}
{"timestamp":"2025-08-11T14:47:49.845Z","level":"info","category":"email","message":"Attempting to send email","data":{"to":"johaswe@gmail.com","subject":"Betalning för Handledarutbildning","method":"smtp","messageType":"general"}}
{"timestamp":"2025-08-11T14:47:52.571Z","level":"info","category":"email","message":"Email sent via SMTP","data":{"to":"johaswe@gmail.com","subject":"Betalning för Handledarutbildning","messageType":"general","emailId":"general","sentAt":"2025-08-11T14:47:52.571Z"}}
{"timestamp":"2025-08-11T15:10:58.782Z","level":"info","category":"email","message":"Email configuration loaded","data":{"method":"smtp","hasApiKey":true,"hasSmtp":true,"fallbackEnabled":true}}
{"timestamp":"2025-08-11T15:10:58.783Z","level":"info","category":"email","message":"Attempting to send email","data":{"to":"johaswe@gmail.com","subject":"Betalning för Handledarutbildning","method":"smtp","messageType":"general"}}
{"timestamp":"2025-08-11T15:11:01.282Z","level":"info","category":"email","message":"Email sent via SMTP","data":{"to":"johaswe@gmail.com","subject":"Betalning för Handledarutbildning","messageType":"general","emailId":"general","sentAt":"2025-08-11T15:11:01.282Z"}}
{"timestamp":"2025-08-11T15:58:03.677Z","level":"info","category":"email","message":"Email configuration loaded","data":{"method":"smtp","hasApiKey":true,"hasSmtp":true,"fallbackEnabled":true}}
{"timestamp":"2025-08-11T15:58:03.680Z","level":"info","category":"email","message":"Attempting to send email","data":{"to":"johaswe@gmail.com","subject":"Påminnelse: Betalning krävs","method":"smtp","messageType":"general"}}
{"timestamp":"2025-08-11T15:58:05.552Z","level":"info","category":"email","message":"Email sent via SMTP","data":{"to":"johaswe@gmail.com","subject":"Påminnelse: Betalning krävs","messageType":"general","emailId":"general","sentAt":"2025-08-11T15:58:05.552Z"}}
{"timestamp":"2025-08-11T15:58:33.562Z","level":"info","category":"email","message":"Email configuration loaded","data":{"method":"smtp","hasApiKey":true,"hasSmtp":true,"fallbackEnabled":true}}
{"timestamp":"2025-08-11T15:58:33.564Z","level":"info","category":"email","message":"Attempting to send email","data":{"to":"johaswe@gmail.com","subject":"Påminnelse: Betalning krävs","method":"smtp","messageType":"general"}}
{"timestamp":"2025-08-11T15:58:35.801Z","level":"info","category":"email","message":"Email sent via SMTP","data":{"to":"johaswe@gmail.com","subject":"Påminnelse: Betalning krävs","messageType":"general","emailId":"general","sentAt":"2025-08-11T15:58:35.801Z"}}
{"timestamp":"2025-08-11T18:01:55.660Z","level":"info","category":"email","message":"Email configuration loaded","data":{"method":"smtp","hasApiKey":true,"hasSmtp":true,"fallbackEnabled":true}}
{"timestamp":"2025-08-11T18:01:55.664Z","level":"info","category":"email","message":"Attempting to send email","data":{"to":"johaswe@gmail.com","subject":"Påminnelse: Betalning krävs","method":"smtp","messageType":"general"}}
{"timestamp":"2025-08-11T18:01:57.510Z","level":"info","category":"email","message":"Email sent via SMTP","data":{"to":"johaswe@gmail.com","subject":"Påminnelse: Betalning krävs","messageType":"general","emailId":"general","sentAt":"2025-08-11T18:01:57.510Z"}}
{"timestamp":"2025-08-11T19:43:06.492Z","level":"info","category":"email","message":"Email configuration loaded","data":{"method":"smtp","hasApiKey":true,"hasSmtp":true,"fallbackEnabled":true}}
{"timestamp":"2025-08-11T19:43:06.494Z","level":"info","category":"email","message":"Attempting to send email","data":{"to":"johaswe@gmail.com","subject":"Påminnelse: Slutför din bokningsbetalning (0ef649b)","method":"smtp","messageType":"general"}}
{"timestamp":"2025-08-11T19:43:09.108Z","level":"info","category":"email","message":"Email sent via SMTP","data":{"to":"johaswe@gmail.com","subject":"Påminnelse: Slutför din bokningsbetalning (0ef649b)","messageType":"general","emailId":"general","sentAt":"2025-08-11T19:43:09.108Z"}}
{"timestamp":"2025-08-11T19:43:09.109Z","level":"info","category":"email","message":"Emails sent for trigger: booking_payment_reminder","data":{"results":[true]},"userId":""}
{"timestamp":"2025-08-11T20:37:15.648Z","level":"info","category":"email","message":"Email configuration loaded","data":{"method":"smtp","hasApiKey":true,"hasSmtp":true,"fallbackEnabled":true}}
{"timestamp":"2025-08-11T20:37:15.649Z","level":"info","category":"email","message":"Attempting to send email","data":{"to":"johaswe@gmail.com","subject":"Påminnelse: Betalning för handledarutbildning (d7106a4)","method":"smtp","messageType":"general"}}
{"timestamp":"2025-08-11T20:37:17.127Z","level":"info","category":"email","message":"Email sent via SMTP","data":{"to":"johaswe@gmail.com","subject":"Påminnelse: Betalning för handledarutbildning (d7106a4)","messageType":"general","emailId":"general","sentAt":"2025-08-11T20:37:17.127Z"}}
{"timestamp":"2025-08-11T20:37:17.129Z","level":"info","category":"email","message":"Emails sent for trigger: handledar_payment_reminder","data":{"results":[true]},"userId":""}
{"timestamp":"2025-08-11T20:54:19.151Z","level":"info","category":"email","message":"Email configuration loaded","data":{"method":"smtp","hasApiKey":true,"hasSmtp":true,"fallbackEnabled":true}}
{"timestamp":"2025-08-11T20:54:19.153Z","level":"info","category":"email","message":"Attempting to send email","data":{"to":"johaswe@gmail.com","subject":"Påminnelse: Slutför din bokningsbetalning (0ef649b)","method":"smtp","messageType":"general"}}
{"timestamp":"2025-08-11T20:54:21.043Z","level":"info","category":"email","message":"Email sent via SMTP","data":{"to":"johaswe@gmail.com","subject":"Påminnelse: Slutför din bokningsbetalning (0ef649b)","messageType":"general","emailId":"general","sentAt":"2025-08-11T20:54:21.043Z"}}
{"timestamp":"2025-08-11T20:54:21.044Z","level":"info","category":"email","message":"Emails sent for trigger: booking_payment_reminder","data":{"results":[true]},"userId":""}
{"timestamp":"2025-08-11T21:05:07.513Z","level":"info","category":"email","message":"Email configuration loaded","data":{"method":"smtp","hasApiKey":true,"hasSmtp":true,"fallbackEnabled":true}}
{"timestamp":"2025-08-11T21:05:07.515Z","level":"info","category":"email","message":"Attempting to send email","data":{"to":"johaswe@gmail.com","subject":"Påminnelse: Slutför din bokningsbetalning (0ef649b)","method":"smtp","messageType":"general"}}
{"timestamp":"2025-08-11T21:05:09.466Z","level":"info","category":"email","message":"Email sent via SMTP","data":{"to":"johaswe@gmail.com","subject":"Påminnelse: Slutför din bokningsbetalning (0ef649b)","messageType":"general","emailId":"general","sentAt":"2025-08-11T21:05:09.466Z"}}
{"timestamp":"2025-08-11T21:05:09.467Z","level":"info","category":"email","message":"Emails sent for trigger: booking_payment_reminder","data":{"results":[true]},"userId":"318afc36-aa82-4521-8927-c4adfd45587c"}
