{"timestamp":"2025-08-05T12:33:44.730Z","level":"info","category":"email","message":"Emails sent for trigger: payment_confirmed","data":{"results":[true]},"userId":"d601c43a-599c-4715-8b9a-65fe092c6c11"}
{"timestamp":"2025-08-05T12:33:45.312Z","level":"info","category":"email","message":"Emails sent for trigger: booking_confirmed","data":{"results":[true]},"userId":"d601c43a-599c-4715-8b9a-65fe092c6c11"}
{"timestamp":"2025-08-05T12:34:42.634Z","level":"info","category":"email","message":"Test email sent","data":{"templateId":"806f5dfb-1d59-4477-98aa-ab2f4c5e1c7e","templateType":"new_user","testEmail":"johaswe@gmail.com","success":true,"adminUser":"admin@test.se"},"userId":"83a58dca-0b5b-40f7-9b26-a20801dd223d"}
{"timestamp":"2025-08-05T12:54:01.110Z","level":"info","category":"email","message":"Email configuration loaded","data":{"method":"internal","hasApiKey":true,"hasSmtp":false,"fallbackEnabled":true}}
{"timestamp":"2025-08-05T12:54:01.117Z","level":"info","category":"email","message":"Attempting to send email","data":{"to":"johaswe@gmail.com","subject":"[TEST] Välkommen till Din Trafikskola Hässleholm!","method":"internal","messageType":"test"}}
{"timestamp":"2025-08-05T12:54:01.118Z","level":"info","category":"email","message":"Using internal messaging as final fallback","data":{"to":"johaswe@gmail.com"}}
{"timestamp":"2025-08-05T12:54:01.536Z","level":"info","category":"email","message":"Email saved as internal message","data":{"to":"johaswe@gmail.com","subject":"[TEST] Välkommen till Din Trafikskola Hässleholm!","messageType":"test"}}
{"timestamp":"2025-08-05T12:54:01.536Z","level":"info","category":"email","message":"Test email sent","data":{"templateId":"806f5dfb-1d59-4477-98aa-ab2f4c5e1c7e","templateType":"new_user","testEmail":"johaswe@gmail.com","success":true,"adminUser":"admin@test.se"},"userId":"83a58dca-0b5b-40f7-9b26-a20801dd223d"}
{"timestamp":"2025-08-05T13:01:34.889Z","level":"info","category":"email","message":"Email configuration loaded","data":{"method":"internal","hasApiKey":true,"hasSmtp":false,"fallbackEnabled":true}}
{"timestamp":"2025-08-05T13:01:34.895Z","level":"info","category":"email","message":"Attempting to send email","data":{"to":"johaswe@gmail.com","subject":"[TEST] Välkommen till Din Trafikskola Hässleholm!","method":"internal","messageType":"test"}}
{"timestamp":"2025-08-05T13:01:34.897Z","level":"info","category":"email","message":"Using internal messaging as final fallback","data":{"to":"johaswe@gmail.com"}}
{"timestamp":"2025-08-05T13:01:35.286Z","level":"info","category":"email","message":"Email saved as internal message","data":{"to":"johaswe@gmail.com","subject":"[TEST] Välkommen till Din Trafikskola Hässleholm!","messageType":"test"}}
{"timestamp":"2025-08-05T13:01:35.287Z","level":"info","category":"email","message":"Test email sent","data":{"templateId":"806f5dfb-1d59-4477-98aa-ab2f4c5e1c7e","templateType":"new_user","testEmail":"johaswe@gmail.com","success":true,"adminUser":"admin@test.se"},"userId":"83a58dca-0b5b-40f7-9b26-a20801dd223d"}
{"timestamp":"2025-08-05T13:02:11.999Z","level":"info","category":"email","message":"Email configuration cache cleared"}
{"timestamp":"2025-08-05T13:07:08.650Z","level":"info","category":"email","message":"Email configuration loaded","data":{"method":"internal","hasApiKey":true,"hasSmtp":true,"fallbackEnabled":true}}
{"timestamp":"2025-08-05T13:07:08.653Z","level":"info","category":"email","message":"Attempting to send email","data":{"to":"johaswe@gmail.com","subject":"[TEST] Välkommen till Din Trafikskola Hässleholm!","method":"internal","messageType":"test"}}
{"timestamp":"2025-08-05T13:07:08.654Z","level":"info","category":"email","message":"Using internal messaging as final fallback","data":{"to":"johaswe@gmail.com"}}
{"timestamp":"2025-08-05T13:07:09.171Z","level":"info","category":"email","message":"Email saved as internal message","data":{"to":"johaswe@gmail.com","subject":"[TEST] Välkommen till Din Trafikskola Hässleholm!","messageType":"test"}}
{"timestamp":"2025-08-05T13:07:09.173Z","level":"info","category":"email","message":"Test email sent","data":{"templateId":"806f5dfb-1d59-4477-98aa-ab2f4c5e1c7e","templateType":"new_user","testEmail":"johaswe@gmail.com","success":true,"adminUser":"admin@test.se"},"userId":"83a58dca-0b5b-40f7-9b26-a20801dd223d"}
{"timestamp":"2025-08-05T13:10:24.221Z","level":"info","category":"email","message":"Email configuration loaded","data":{"method":"internal","hasApiKey":true,"hasSmtp":true,"fallbackEnabled":true}}
{"timestamp":"2025-08-05T13:10:24.223Z","level":"info","category":"email","message":"Attempting to send email","data":{"to":"johaswe@gmail.com","subject":"[TEST] Välkommen till Din Trafikskola Hässleholm!","method":"internal","messageType":"test"}}
{"timestamp":"2025-08-05T13:10:24.225Z","level":"info","category":"email","message":"Using internal messaging as final fallback","data":{"to":"johaswe@gmail.com"}}
{"timestamp":"2025-08-05T13:10:24.612Z","level":"info","category":"email","message":"Email saved as internal message","data":{"to":"johaswe@gmail.com","subject":"[TEST] Välkommen till Din Trafikskola Hässleholm!","messageType":"test"}}
{"timestamp":"2025-08-05T13:10:24.614Z","level":"info","category":"email","message":"Test email sent","data":{"templateId":"806f5dfb-1d59-4477-98aa-ab2f4c5e1c7e","templateType":"new_user","testEmail":"johaswe@gmail.com","success":true,"adminUser":"admin@test.se"},"userId":"83a58dca-0b5b-40f7-9b26-a20801dd223d"}
{"timestamp":"2025-08-05T13:17:18.938Z","level":"info","category":"email","message":"Email configuration loaded","data":{"method":"smtp","hasApiKey":true,"hasSmtp":true,"fallbackEnabled":true}}
{"timestamp":"2025-08-05T13:17:18.939Z","level":"info","category":"email","message":"Attempting to send email","data":{"to":"johaswe@gmail.com","subject":"[TEST] Betalningsbekräftelse från Test Testsson","method":"smtp","messageType":"test"}}
{"timestamp":"2025-08-05T13:17:18.941Z","level":"error","category":"email","message":"SMTP email failed","data":{"to":"johaswe@gmail.com","subject":"[TEST] Betalningsbekräftelse från Test Testsson","error":"nodemailer__WEBPACK_IMPORTED_MODULE_3__.createTransporter is not a function"}}
{"timestamp":"2025-08-05T13:17:18.941Z","level":"info","category":"email","message":"Using internal messaging as final fallback","data":{"to":"johaswe@gmail.com"}}
{"timestamp":"2025-08-05T13:17:19.398Z","level":"info","category":"email","message":"Email saved as internal message","data":{"to":"johaswe@gmail.com","subject":"[TEST] Betalningsbekräftelse från Test Testsson","messageType":"test"}}
{"timestamp":"2025-08-05T13:17:19.399Z","level":"info","category":"email","message":"Test email sent","data":{"templateId":"87c52e5c-3b8c-4ea2-b75d-7ba61ec0825c","templateType":"payment_confirmation_request","testEmail":"johaswe@gmail.com","success":true,"adminUser":"admin@test.se"},"userId":"83a58dca-0b5b-40f7-9b26-a20801dd223d"}
{"timestamp":"2025-08-05T13:19:56.403Z","level":"info","category":"email","message":"Email configuration loaded","data":{"method":"smtp","hasApiKey":true,"hasSmtp":true,"fallbackEnabled":true}}
{"timestamp":"2025-08-05T13:19:56.404Z","level":"info","category":"email","message":"Attempting to send email","data":{"to":"johaswe@gmail.com","subject":"[TEST] Bokningsbekräftelse - B-körkort 45 min","method":"smtp","messageType":"test"}}
{"timestamp":"2025-08-05T13:20:06.380Z","level":"error","category":"email","message":"SMTP email failed","data":{"to":"johaswe@gmail.com","subject":"[TEST] Bokningsbekräftelse - B-körkort 45 min","error":"5CC60000:error:0A00010B:SSL routines:ssl3_get_record:wrong version number:c:\\ws\\deps\\openssl\\openssl\\ssl\\record\\ssl3_record.c:355:\n"}}
{"timestamp":"2025-08-05T13:20:06.381Z","level":"info","category":"email","message":"Using internal messaging as final fallback","data":{"to":"johaswe@gmail.com"}}
{"timestamp":"2025-08-05T13:20:06.899Z","level":"info","category":"email","message":"Email saved as internal message","data":{"to":"johaswe@gmail.com","subject":"[TEST] Bokningsbekräftelse - B-körkort 45 min","messageType":"test"}}
{"timestamp":"2025-08-05T13:20:06.900Z","level":"info","category":"email","message":"Test email sent","data":{"templateId":"373d4e59-751d-4934-a944-56b01d92be92","templateType":"new_booking","testEmail":"johaswe@gmail.com","success":true,"adminUser":"admin@test.se"},"userId":"83a58dca-0b5b-40f7-9b26-a20801dd223d"}
{"timestamp":"2025-08-05T13:22:08.881Z","level":"info","category":"email","message":"Email configuration loaded","data":{"method":"smtp","hasApiKey":true,"hasSmtp":true,"fallbackEnabled":true}}
{"timestamp":"2025-08-05T13:22:08.883Z","level":"info","category":"email","message":"Attempting to send email","data":{"to":"johaswe@gmail.com","subject":"[TEST] Bokningsbekräftelse - B-körkort 45 min","method":"smtp","messageType":"test"}}
{"timestamp":"2025-08-05T13:22:09.922Z","level":"info","category":"email","message":"Email sent via SMTP","data":{"to":"johaswe@gmail.com","subject":"[TEST] Bokningsbekräftelse - B-körkort 45 min","messageType":"test","emailId":"test","sentAt":"2025-08-05T13:22:09.922Z"}}
{"timestamp":"2025-08-05T13:22:09.924Z","level":"info","category":"email","message":"Test email sent","data":{"templateId":"373d4e59-751d-4934-a944-56b01d92be92","templateType":"new_booking","testEmail":"johaswe@gmail.com","success":true,"adminUser":"admin@test.se"},"userId":"83a58dca-0b5b-40f7-9b26-a20801dd223d"}
{"timestamp":"2025-08-05T13:22:46.141Z","level":"info","category":"email","message":"Email configuration loaded","data":{"method":"smtp","hasApiKey":true,"hasSmtp":true,"fallbackEnabled":true}}
{"timestamp":"2025-08-05T13:22:46.144Z","level":"info","category":"email","message":"Attempting to send email","data":{"to":"johaswe@gmail.com","subject":"[TEST] Välkommen till Din Trafikskola Hässleholm!","method":"smtp","messageType":"test"}}
{"timestamp":"2025-08-05T13:22:47.165Z","level":"info","category":"email","message":"Email sent via SMTP","data":{"to":"johaswe@gmail.com","subject":"[TEST] Välkommen till Din Trafikskola Hässleholm!","messageType":"test","emailId":"test","sentAt":"2025-08-05T13:22:47.165Z"}}
{"timestamp":"2025-08-05T13:22:47.168Z","level":"info","category":"email","message":"Test email sent","data":{"templateId":"806f5dfb-1d59-4477-98aa-ab2f4c5e1c7e","templateType":"new_user","testEmail":"johaswe@gmail.com","success":true,"adminUser":"admin@test.se"},"userId":"83a58dca-0b5b-40f7-9b26-a20801dd223d"}
{"timestamp":"2025-08-05T13:23:05.014Z","level":"info","category":"email","message":"Email configuration loaded","data":{"method":"smtp","hasApiKey":true,"hasSmtp":true,"fallbackEnabled":true}}
{"timestamp":"2025-08-05T13:23:05.015Z","level":"info","category":"email","message":"Attempting to send email","data":{"to":"johaswe@gmail.com","subject":"[TEST] Dagens bokningar - {{currentDate}}","method":"smtp","messageType":"test"}}
{"timestamp":"2025-08-05T13:23:06.066Z","level":"info","category":"email","message":"Email sent via SMTP","data":{"to":"johaswe@gmail.com","subject":"[TEST] Dagens bokningar - {{currentDate}}","messageType":"test","emailId":"test","sentAt":"2025-08-05T13:23:06.066Z"}}
{"timestamp":"2025-08-05T13:23:06.068Z","level":"info","category":"email","message":"Test email sent","data":{"templateId":"ba78b953-abd5-4a6a-b2c8-117706343991","templateType":"teacher_daily_bookings","testEmail":"johaswe@gmail.com","success":true,"adminUser":"admin@test.se"},"userId":"83a58dca-0b5b-40f7-9b26-a20801dd223d"}
{"timestamp":"2025-08-05T13:23:27.537Z","level":"info","category":"email","message":"Email configuration loaded","data":{"method":"smtp","hasApiKey":true,"hasSmtp":true,"fallbackEnabled":true}}
{"timestamp":"2025-08-05T13:23:27.539Z","level":"info","category":"email","message":"Attempting to send email","data":{"to":"johaswe@gmail.com","subject":"[TEST] Betalningsbekräftelse från Test Testsson","method":"smtp","messageType":"test"}}
{"timestamp":"2025-08-05T13:23:28.592Z","level":"info","category":"email","message":"Email sent via SMTP","data":{"to":"johaswe@gmail.com","subject":"[TEST] Betalningsbekräftelse från Test Testsson","messageType":"test","emailId":"test","sentAt":"2025-08-05T13:23:28.592Z"}}
{"timestamp":"2025-08-05T13:23:28.593Z","level":"info","category":"email","message":"Test email sent","data":{"templateId":"87c52e5c-3b8c-4ea2-b75d-7ba61ec0825c","templateType":"payment_confirmation_request","testEmail":"johaswe@gmail.com","success":true,"adminUser":"admin@test.se"},"userId":"83a58dca-0b5b-40f7-9b26-a20801dd223d"}
