{"timestamp":"2025-08-10T12:37:46.189Z","level":"info","category":"email","message":"Email configuration loaded","data":{"method":"smtp","hasApiKey":true,"hasSmtp":true,"fallbackEnabled":true}}
{"timestamp":"2025-08-10T12:37:46.191Z","level":"info","category":"email","message":"Attempting to send email","data":{"to":"johaswe@gmail.com","subject":"Betalning bekräftad - Körlektion","method":"smtp","messageType":"payment_confirmation"}}
{"timestamp":"2025-08-10T12:37:48.958Z","level":"info","category":"email","message":"Email sent via SMTP","data":{"to":"johaswe@gmail.com","subject":"Betalning bekräftad - Körlektion","messageType":"payment_confirmation","emailId":"payment_confirmation","sentAt":"2025-08-10T12:37:48.958Z"}}
{"timestamp":"2025-08-10T12:37:48.975Z","level":"info","category":"email","message":"Emails sent for trigger: payment_confirmed","data":{"results":[true]},"userId":"318afc36-aa82-4521-8927-c4adfd45587c"}
{"timestamp":"2025-08-10T12:37:49.607Z","level":"info","category":"email","message":"Email configuration loaded","data":{"method":"smtp","hasApiKey":true,"hasSmtp":true,"fallbackEnabled":true}}
{"timestamp":"2025-08-10T12:37:49.608Z","level":"info","category":"email","message":"Attempting to send email","data":{"to":"johaswe@gmail.com","subject":"Körlektion bekräftad - Din Trafikskola Hässleholm","method":"smtp","messageType":"booking_related"}}
{"timestamp":"2025-08-10T12:37:50.646Z","level":"info","category":"email","message":"Email sent via SMTP","data":{"to":"johaswe@gmail.com","subject":"Körlektion bekräftad - Din Trafikskola Hässleholm","messageType":"booking_related","emailId":"booking_related","sentAt":"2025-08-10T12:37:50.646Z"}}
{"timestamp":"2025-08-10T12:37:50.647Z","level":"info","category":"email","message":"Emails sent for trigger: booking_confirmed","data":{"results":[true]},"userId":"318afc36-aa82-4521-8927-c4adfd45587c"}
{"timestamp":"2025-08-10T14:48:57.935Z","level":"info","category":"email","message":"Email configuration loaded","data":{"method":"smtp","hasApiKey":true,"hasSmtp":true,"fallbackEnabled":true}}
{"timestamp":"2025-08-10T14:48:57.936Z","level":"info","category":"email","message":"Attempting to send email","data":{"to":"johaswe@gmail.com","subject":"Swish betalning väntar på verifiering - Din Trafikskola Hässleholm","method":"smtp","messageType":"payment_confirmation"}}
{"timestamp":"2025-08-10T14:48:59.126Z","level":"info","category":"email","message":"Email sent via SMTP","data":{"to":"johaswe@gmail.com","subject":"Swish betalning väntar på verifiering - Din Trafikskola Hässleholm","messageType":"payment_confirmation","emailId":"payment_confirmation","sentAt":"2025-08-10T14:48:59.126Z"}}
{"timestamp":"2025-08-10T14:48:59.127Z","level":"info","category":"email","message":"Emails sent for trigger: swish_payment_verification","data":{"results":[true]},"userId":"318afc36-aa82-4521-8927-c4adfd45587c"}
{"timestamp":"2025-08-10T17:29:43.731Z","level":"info","category":"email","message":"Email configuration loaded","data":{"method":"smtp","hasApiKey":true,"hasSmtp":true,"fallbackEnabled":true}}
{"timestamp":"2025-08-10T17:29:43.732Z","level":"info","category":"email","message":"Attempting to send email","data":{"to":"orderid-1754846980920@dintrafikskolahlm.se","subject":"Betalningspåminnelse - Handledarutbildning","method":"smtp","messageType":"payment_confirmation"}}
{"timestamp":"2025-08-10T17:29:44.710Z","level":"error","category":"email","message":"SMTP email failed","data":{"to":"orderid-1754846980920@dintrafikskolahlm.se","subject":"Betalningspåminnelse - Handledarutbildning","error":"Can't send mail - all recipients were rejected: 550 5.1.1 <orderid-1754846980920@dintrafikskolahlm.se>: Recipient address rejected: User unknown in relay recipient table"}}
{"timestamp":"2025-08-10T17:29:44.711Z","level":"info","category":"email","message":"Using internal messaging as final fallback","data":{"to":"orderid-1754846980920@dintrafikskolahlm.se"}}
{"timestamp":"2025-08-10T17:29:45.097Z","level":"warn","category":"email","message":"Cannot save as internal message - user not found","data":{"email":"orderid-1754846980920@dintrafikskolahlm.se"}}
{"timestamp":"2025-08-10T17:29:45.098Z","level":"error","category":"email","message":"All email delivery methods failed","data":{"to":"orderid-1754846980920@dintrafikskolahlm.se","subject":"Betalningspåminnelse - Handledarutbildning"}}
{"timestamp":"2025-08-10T17:29:45.099Z","level":"error","category":"email","message":"Emails sent for trigger: payment_reminder","data":{"results":[false]},"userId":""}
{"timestamp":"2025-08-10T17:57:19.586Z","level":"info","category":"email","message":"Email configuration loaded","data":{"method":"smtp","hasApiKey":true,"hasSmtp":true,"fallbackEnabled":true}}
{"timestamp":"2025-08-10T17:57:19.587Z","level":"info","category":"email","message":"Attempting to send email","data":{"to":"orderid-1754848637063@dintrafikskolahlm.se","subject":"Betalningspåminnelse - Handledarutbildning","method":"smtp","messageType":"payment_confirmation"}}
{"timestamp":"2025-08-10T17:57:20.816Z","level":"error","category":"email","message":"SMTP email failed","data":{"to":"orderid-1754848637063@dintrafikskolahlm.se","subject":"Betalningspåminnelse - Handledarutbildning","error":"Can't send mail - all recipients were rejected: 550 5.1.1 <orderid-1754848637063@dintrafikskolahlm.se>: Recipient address rejected: User unknown in relay recipient table"}}
{"timestamp":"2025-08-10T17:57:20.818Z","level":"info","category":"email","message":"Using internal messaging as final fallback","data":{"to":"orderid-1754848637063@dintrafikskolahlm.se"}}
{"timestamp":"2025-08-10T17:57:20.864Z","level":"warn","category":"email","message":"Cannot save as internal message - user not found","data":{"email":"orderid-1754848637063@dintrafikskolahlm.se"}}
{"timestamp":"2025-08-10T17:57:20.864Z","level":"error","category":"email","message":"All email delivery methods failed","data":{"to":"orderid-1754848637063@dintrafikskolahlm.se","subject":"Betalningspåminnelse - Handledarutbildning"}}
{"timestamp":"2025-08-10T17:57:20.865Z","level":"error","category":"email","message":"Emails sent for trigger: payment_reminder","data":{"results":[false]},"userId":""}
{"timestamp":"2025-08-10T18:24:51.862Z","level":"info","category":"email","message":"Email configuration loaded","data":{"method":"smtp","hasApiKey":true,"hasSmtp":true,"fallbackEnabled":true}}
{"timestamp":"2025-08-10T18:24:51.864Z","level":"info","category":"email","message":"Attempting to send email","data":{"to":"orderid-1754850283481@dintrafikskolahlm.se","subject":"Betalningspåminnelse - Handledarutbildning","method":"smtp","messageType":"payment_confirmation"}}
{"timestamp":"2025-08-10T18:24:53.182Z","level":"error","category":"email","message":"SMTP email failed","data":{"to":"orderid-1754850283481@dintrafikskolahlm.se","subject":"Betalningspåminnelse - Handledarutbildning","error":"Can't send mail - all recipients were rejected: 550 5.1.1 <orderid-1754850283481@dintrafikskolahlm.se>: Recipient address rejected: User unknown in relay recipient table"}}
{"timestamp":"2025-08-10T18:24:53.184Z","level":"info","category":"email","message":"Using internal messaging as final fallback","data":{"to":"orderid-1754850283481@dintrafikskolahlm.se"}}
{"timestamp":"2025-08-10T18:24:53.250Z","level":"warn","category":"email","message":"Cannot save as internal message - user not found","data":{"email":"orderid-1754850283481@dintrafikskolahlm.se"}}
{"timestamp":"2025-08-10T18:24:53.251Z","level":"error","category":"email","message":"All email delivery methods failed","data":{"to":"orderid-1754850283481@dintrafikskolahlm.se","subject":"Betalningspåminnelse - Handledarutbildning"}}
{"timestamp":"2025-08-10T18:24:53.252Z","level":"error","category":"email","message":"Emails sent for trigger: payment_reminder","data":{"results":[false]},"userId":""}
{"timestamp":"2025-08-10T20:19:03.783Z","level":"info","category":"email","message":"Email configuration loaded","data":{"method":"smtp","hasApiKey":true,"hasSmtp":true,"fallbackEnabled":true}}
{"timestamp":"2025-08-10T20:19:03.784Z","level":"info","category":"email","message":"Attempting to send email","data":{"to":"johaswe@gmail.com","subject":"Swish betalning väntar på verifiering - Din Trafikskola Hässleholm","method":"smtp","messageType":"payment_confirmation"}}
{"timestamp":"2025-08-10T20:19:04.900Z","level":"info","category":"email","message":"Email sent via SMTP","data":{"to":"johaswe@gmail.com","subject":"Swish betalning väntar på verifiering - Din Trafikskola Hässleholm","messageType":"payment_confirmation","emailId":"payment_confirmation","sentAt":"2025-08-10T20:19:04.900Z"}}
{"timestamp":"2025-08-10T20:19:04.901Z","level":"info","category":"email","message":"Emails sent for trigger: swish_payment_verification","data":{"results":[true]},"userId":""}
