{"timestamp":"2025-08-11T09:08:46.161Z","level":"debug","category":"payment","message":"Loading Qliro settings from database"}
{"timestamp":"2025-08-11T09:08:46.309Z","level":"info","category":"payment","message":"Qliro settings loaded successfully","data":{"environment":"sandbox","merchantId":"100","apiUrl":"https://playground.qliro.com"}}
{"timestamp":"2025-08-11T09:08:46.875Z","level":"info","category":"payment","message":"Creating Qliro checkout","data":{"reference":"1ba4283e-b521-4a80-bcb1-00f68cf1dc59","amount":5445,"environment":"sandbox"}}
{"timestamp":"2025-08-11T09:08:47.217Z","level":"error","category":"payment","message":"Failed to create Qliro checkout","data":{"error":"fetch failed","reference":"1ba4283e-b521-4a80-bcb1-00f68cf1dc59"}}
{"timestamp":"2025-08-11T09:13:18.003Z","level":"debug","category":"payment","message":"Loading Qliro settings from database"}
{"timestamp":"2025-08-11T09:13:18.473Z","level":"info","category":"payment","message":"Qliro settings loaded successfully","data":{"environment":"sandbox","merchantId":"100","apiUrl":"https://playground.qliro.com"}}
{"timestamp":"2025-08-11T09:13:19.027Z","level":"info","category":"payment","message":"Creating Qliro checkout","data":{"reference":"1ba4283e-b521-4a80-bcb1-00f68cf1dc59","amount":5445,"environment":"sandbox"}}
{"timestamp":"2025-08-11T09:13:19.172Z","level":"error","category":"payment","message":"Failed to create Qliro checkout","data":{"error":"fetch failed","reference":"1ba4283e-b521-4a80-bcb1-00f68cf1dc59"}}
{"timestamp":"2025-08-11T15:12:07.297Z","level":"info","category":"payment","message":"Creating Qliro checkout session","data":{"reference":"handledar_d37e2946-a1d6-46cd-88ab-606671c3ec93","amount":1500,"description":"Handledarutbildning fredag 15 augusti 2025"}}
{"timestamp":"2025-08-11T15:12:07.299Z","level":"debug","category":"payment","message":"Loading Qliro settings from database"}
{"timestamp":"2025-08-11T15:12:07.934Z","level":"info","category":"payment","message":"Qliro settings loaded successfully","data":{"environment":"sandbox","merchantId":"100","apiUrl":"https://playground.qliro.com"}}
{"timestamp":"2025-08-11T15:12:07.938Z","level":"info","category":"payment","message":"Creating Qliro checkout","data":{"reference":"handledar_d37e2946-a1d6-46cd-88ab-606671c3ec93","amount":1500,"environment":"sandbox"}}
{"timestamp":"2025-08-11T15:12:08.192Z","level":"error","category":"payment","message":"Failed to create Qliro checkout","data":{"error":"fetch failed","reference":"handledar_d37e2946-a1d6-46cd-88ab-606671c3ec93"}}
{"timestamp":"2025-08-11T15:12:08.194Z","level":"error","category":"payment","message":"Failed to create Qliro checkout session","data":{"error":"fetch failed"}}
{"timestamp":"2025-08-11T19:40:13.469Z","level":"debug","category":"payment","message":"Loading Qliro settings from database"}
{"timestamp":"2025-08-11T19:40:14.015Z","level":"info","category":"payment","message":"Qliro settings loaded successfully","data":{"environment":"sandbox","merchantId":"100","apiUrl":"https://playground.qliro.com"}}
{"timestamp":"2025-08-11T19:40:14.281Z","level":"info","category":"payment","message":"Creating Qliro checkout","data":{"reference":"6f81097f-59ab-4515-a7cf-3fc1d8f60e75","amount":2340,"environment":"sandbox"}}
{"timestamp":"2025-08-11T19:40:14.370Z","level":"error","category":"payment","message":"Failed to create Qliro checkout","data":{"error":"fetch failed","reference":"6f81097f-59ab-4515-a7cf-3fc1d8f60e75"}}
{"timestamp":"2025-08-11T19:45:48.140Z","level":"info","category":"payment","message":"Creating Qliro checkout session","data":{"reference":"booking_0ef649b8-8edb-4204-8013-588e1c987dce","amount":750,"description":"Bokning 0ef649b"}}
{"timestamp":"2025-08-11T19:45:48.142Z","level":"debug","category":"payment","message":"Loading Qliro settings from database"}
{"timestamp":"2025-08-11T19:45:48.352Z","level":"info","category":"payment","message":"Qliro settings loaded successfully","data":{"environment":"sandbox","merchantId":"100","apiUrl":"https://playground.qliro.com"}}
{"timestamp":"2025-08-11T19:45:48.354Z","level":"info","category":"payment","message":"Creating Qliro checkout","data":{"reference":"booking_0ef649b8-8edb-4204-8013-588e1c987dce","amount":750,"environment":"sandbox"}}
{"timestamp":"2025-08-11T19:45:49.207Z","level":"error","category":"payment","message":"Failed to create Qliro checkout","data":{"error":"fetch failed","reference":"booking_0ef649b8-8edb-4204-8013-588e1c987dce"}}
{"timestamp":"2025-08-11T19:45:49.208Z","level":"error","category":"payment","message":"Failed to create Qliro checkout session","data":{"error":"fetch failed"}}
{"timestamp":"2025-08-11T19:52:07.089Z","level":"info","category":"payment","message":"Creating Qliro checkout session","data":{"reference":"booking_0ef649b8-8edb-4204-8013-588e1c987dce","amount":750,"description":"Bokning 0ef649b"}}
{"timestamp":"2025-08-11T19:52:07.093Z","level":"debug","category":"payment","message":"Loading Qliro settings from database"}
{"timestamp":"2025-08-11T19:52:07.257Z","level":"info","category":"payment","message":"Qliro settings loaded successfully","data":{"environment":"sandbox","merchantId":"100","apiUrl":"https://playground.qliro.com"}}
{"timestamp":"2025-08-11T19:52:07.260Z","level":"info","category":"payment","message":"Creating Qliro checkout","data":{"reference":"booking_0ef649b8-8edb-4204-8013-588e1c987dce","amount":750,"environment":"sandbox"}}
{"timestamp":"2025-08-11T19:52:07.897Z","level":"error","category":"payment","message":"Failed to create Qliro checkout","data":{"error":"fetch failed","reference":"booking_0ef649b8-8edb-4204-8013-588e1c987dce"}}
{"timestamp":"2025-08-11T19:52:07.900Z","level":"error","category":"payment","message":"Failed to create Qliro checkout session","data":{"error":"fetch failed"}}
{"timestamp":"2025-08-11T20:05:01.199Z","level":"info","category":"payment","message":"Creating Qliro checkout session","data":{"reference":"booking_0ef649b8-8edb-4204-8013-588e1c987dce","amount":750,"description":"Bokning 0ef649b"}}
{"timestamp":"2025-08-11T20:05:01.202Z","level":"debug","category":"payment","message":"Loading Qliro settings from database"}
{"timestamp":"2025-08-11T20:05:01.392Z","level":"info","category":"payment","message":"Qliro settings loaded successfully","data":{"environment":"sandbox","merchantId":"100","apiUrl":"https://playground.qliro.com"}}
{"timestamp":"2025-08-11T20:05:01.396Z","level":"info","category":"payment","message":"Creating Qliro checkout","data":{"reference":"booking_0ef649b8-8edb-4204-8013-588e1c987dce","amount":750,"environment":"sandbox"}}
{"timestamp":"2025-08-11T20:05:01.500Z","level":"error","category":"payment","message":"Failed to create Qliro checkout","data":{"error":"fetch failed","reference":"booking_0ef649b8-8edb-4204-8013-588e1c987dce"}}
{"timestamp":"2025-08-11T20:05:01.501Z","level":"error","category":"payment","message":"Failed to create Qliro checkout session","data":{"error":"fetch failed"}}
{"timestamp":"2025-08-11T20:05:52.917Z","level":"debug","category":"payment","message":"Loading Qliro settings from database"}
{"timestamp":"2025-08-11T20:05:53.124Z","level":"info","category":"payment","message":"Qliro settings loaded successfully","data":{"environment":"sandbox","merchantId":"100","apiUrl":"https://playground.qliro.com"}}
{"timestamp":"2025-08-11T20:05:53.679Z","level":"info","category":"payment","message":"Creating Qliro checkout","data":{"reference":"6f81097f-59ab-4515-a7cf-3fc1d8f60e75","amount":2340,"environment":"sandbox"}}
{"timestamp":"2025-08-11T20:05:53.736Z","level":"error","category":"payment","message":"Failed to create Qliro checkout","data":{"error":"fetch failed","reference":"6f81097f-59ab-4515-a7cf-3fc1d8f60e75"}}
{"timestamp":"2025-08-11T20:22:15.673Z","level":"debug","category":"payment","message":"Loading Qliro settings from database"}
{"timestamp":"2025-08-11T20:22:16.462Z","level":"info","category":"payment","message":"Qliro settings loaded successfully","data":{"environment":"sandbox","merchantId":"100","apiUrl":"https://playground.qliro.com"}}
{"timestamp":"2025-08-11T20:22:16.652Z","level":"info","category":"payment","message":"Creating Qliro checkout","data":{"reference":"6f81097f-59ab-4515-a7cf-3fc1d8f60e75","amount":2340,"environment":"sandbox"}}
{"timestamp":"2025-08-11T20:22:16.736Z","level":"error","category":"payment","message":"Failed to create Qliro checkout","data":{"error":"fetch failed","reference":"6f81097f-59ab-4515-a7cf-3fc1d8f60e75"}}
{"timestamp":"2025-08-11T20:29:08.476Z","level":"debug","category":"payment","message":"Loading Qliro settings from database"}
{"timestamp":"2025-08-11T20:29:09.077Z","level":"info","category":"payment","message":"Qliro settings loaded successfully","data":{"environment":"sandbox","merchantId":"100","apiUrl":"https://playground.qliro.com"}}
{"timestamp":"2025-08-11T20:29:09.664Z","level":"info","category":"payment","message":"Creating Qliro checkout","data":{"reference":"1ba4283e-b521-4a80-bcb1-00f68cf1dc59","amount":5445,"environment":"sandbox"}}
{"timestamp":"2025-08-11T20:29:10.174Z","level":"error","category":"payment","message":"Failed to create Qliro checkout","data":{"error":"fetch failed","reference":"1ba4283e-b521-4a80-bcb1-00f68cf1dc59"}}
{"timestamp":"2025-08-11T20:29:18.524Z","level":"debug","category":"payment","message":"Loading Qliro settings from database"}
{"timestamp":"2025-08-11T20:29:19.070Z","level":"info","category":"payment","message":"Qliro settings loaded successfully","data":{"environment":"sandbox","merchantId":"100","apiUrl":"https://playground.qliro.com"}}
{"timestamp":"2025-08-11T20:29:19.197Z","level":"info","category":"payment","message":"Creating Qliro checkout","data":{"reference":"6f81097f-59ab-4515-a7cf-3fc1d8f60e75","amount":2340,"environment":"sandbox"}}
{"timestamp":"2025-08-11T20:29:19.242Z","level":"error","category":"payment","message":"Failed to create Qliro checkout","data":{"error":"fetch failed","reference":"6f81097f-59ab-4515-a7cf-3fc1d8f60e75"}}
{"timestamp":"2025-08-11T20:37:37.107Z","level":"info","category":"payment","message":"Creating Qliro checkout session","data":{"reference":"handledar_d7106a4e-3a29-4769-9396-1db3eb971b4f","amount":1500,"description":"Handledarutbildning fredag 15 augusti 2025"}}
{"timestamp":"2025-08-11T20:37:37.110Z","level":"debug","category":"payment","message":"Loading Qliro settings from database"}
{"timestamp":"2025-08-11T20:37:37.168Z","level":"info","category":"payment","message":"Qliro settings loaded successfully","data":{"environment":"sandbox","merchantId":"100","apiUrl":"https://playground.qliro.com"}}
{"timestamp":"2025-08-11T20:37:38.098Z","level":"info","category":"payment","message":"Creating Qliro checkout","data":{"reference":"handledar_d7106a4e-3a29-4769-9396-1db3eb971b4f","amount":1500,"environment":"sandbox"}}
{"timestamp":"2025-08-11T20:37:38.185Z","level":"error","category":"payment","message":"Failed to create Qliro checkout","data":{"error":"fetch failed","reference":"handledar_d7106a4e-3a29-4769-9396-1db3eb971b4f"}}
{"timestamp":"2025-08-11T20:37:38.186Z","level":"error","category":"payment","message":"Failed to create Qliro checkout session","data":{"error":"fetch failed"}}
{"timestamp":"2025-08-11T20:37:43.188Z","level":"info","category":"payment","message":"Creating Qliro checkout session","data":{"reference":"handledar_d7106a4e-3a29-4769-9396-1db3eb971b4f","amount":1500,"description":"Handledarutbildning fredag 15 augusti 2025"}}
{"timestamp":"2025-08-11T20:37:43.901Z","level":"info","category":"payment","message":"Creating Qliro checkout","data":{"reference":"handledar_d7106a4e-3a29-4769-9396-1db3eb971b4f","amount":1500,"environment":"sandbox"}}
{"timestamp":"2025-08-11T20:37:43.943Z","level":"error","category":"payment","message":"Failed to create Qliro checkout","data":{"error":"fetch failed","reference":"handledar_d7106a4e-3a29-4769-9396-1db3eb971b4f"}}
{"timestamp":"2025-08-11T20:37:43.947Z","level":"error","category":"payment","message":"Failed to create Qliro checkout session","data":{"error":"fetch failed"}}
{"timestamp":"2025-08-11T20:43:55.715Z","level":"info","category":"payment","message":"Creating Qliro checkout session","data":{"reference":"handledar_d7106a4e-3a29-4769-9396-1db3eb971b4f","amount":1500,"description":"Handledarutbildning fredag 15 augusti 2025"}}
{"timestamp":"2025-08-11T20:43:55.718Z","level":"debug","category":"payment","message":"Loading Qliro settings from database"}
{"timestamp":"2025-08-11T20:43:55.892Z","level":"info","category":"payment","message":"Qliro settings loaded successfully","data":{"environment":"sandbox","merchantId":"100","apiUrl":"https://playground.qliro.com"}}
{"timestamp":"2025-08-11T20:43:56.823Z","level":"info","category":"payment","message":"Creating Qliro checkout","data":{"reference":"handledar_d7106a4e-3a29-4769-9396-1db3eb971b4f","amount":1500,"environment":"sandbox"}}
{"timestamp":"2025-08-11T20:43:56.907Z","level":"error","category":"payment","message":"Failed to create Qliro checkout","data":{"error":"fetch failed","reference":"handledar_d7106a4e-3a29-4769-9396-1db3eb971b4f"}}
{"timestamp":"2025-08-11T20:43:56.908Z","level":"error","category":"payment","message":"Failed to create Qliro checkout session","data":{"error":"fetch failed"}}
{"timestamp":"2025-08-11T20:44:13.684Z","level":"debug","category":"payment","message":"Loading Qliro settings from database"}
{"timestamp":"2025-08-11T20:44:14.161Z","level":"info","category":"payment","message":"Qliro settings loaded successfully","data":{"environment":"sandbox","merchantId":"100","apiUrl":"https://playground.qliro.com"}}
{"timestamp":"2025-08-11T20:44:14.585Z","level":"info","category":"payment","message":"Creating Qliro checkout","data":{"reference":"6f81097f-59ab-4515-a7cf-3fc1d8f60e75","amount":2340,"environment":"sandbox"}}
{"timestamp":"2025-08-11T20:44:14.629Z","level":"error","category":"payment","message":"Failed to create Qliro checkout","data":{"error":"fetch failed","reference":"6f81097f-59ab-4515-a7cf-3fc1d8f60e75"}}
{"timestamp":"2025-08-11T20:55:28.766Z","level":"info","category":"payment","message":"Creating Qliro checkout session","data":{"reference":"booking_0ef649b8-8edb-4204-8013-588e1c987dce","amount":750,"description":"Bokning 0ef649b"}}
{"timestamp":"2025-08-11T20:55:28.767Z","level":"debug","category":"payment","message":"Loading Qliro settings from database"}
{"timestamp":"2025-08-11T20:55:29.407Z","level":"info","category":"payment","message":"Qliro settings loaded successfully","data":{"environment":"sandbox","apiUrl":"https://playground.qliro.com","hasApiKey":true,"hasApiSecret":true}}
{"timestamp":"2025-08-11T20:55:29.878Z","level":"info","category":"payment","message":"Creating Qliro checkout","data":{"reference":"booking_0ef649b8-8edb-4204-8013-588e1c987dce","amount":750,"environment":"sandbox"}}
{"timestamp":"2025-08-11T20:55:29.920Z","level":"error","category":"payment","message":"Failed to create Qliro checkout","data":{"error":"fetch failed","reference":"booking_0ef649b8-8edb-4204-8013-588e1c987dce"}}
{"timestamp":"2025-08-11T20:55:29.926Z","level":"error","category":"payment","message":"Failed to create Qliro checkout session","data":{"error":"fetch failed"}}
{"timestamp":"2025-08-11T21:05:34.869Z","level":"info","category":"payment","message":"Creating Qliro checkout session","data":{"reference":"booking_0ef649b8-8edb-4204-8013-588e1c987dce","amount":750,"description":"Bokning 0ef649b"}}
{"timestamp":"2025-08-11T21:05:34.871Z","level":"debug","category":"payment","message":"Loading Qliro settings from database"}
{"timestamp":"2025-08-11T21:05:34.927Z","level":"info","category":"payment","message":"Qliro settings loaded successfully","data":{"environment":"sandbox","apiUrl":"https://playground.qliro.com","hasApiKey":true,"hasApiSecret":true}}
{"timestamp":"2025-08-11T21:05:35.957Z","level":"info","category":"payment","message":"Creating Qliro checkout","data":{"reference":"booking_0ef649b8-8edb-4204-8013-588e1c987dce","amount":750,"environment":"sandbox"}}
{"timestamp":"2025-08-11T21:05:35.999Z","level":"error","category":"payment","message":"Failed to create Qliro checkout","data":{"error":"fetch failed","reference":"booking_0ef649b8-8edb-4204-8013-588e1c987dce"}}
{"timestamp":"2025-08-11T21:05:36.002Z","level":"error","category":"payment","message":"Failed to create Qliro checkout session","data":{"error":"fetch failed"}}
