{"timestamp":"2025-08-12T05:04:31.061Z","level":"info","category":"payment","message":"Creating Qliro checkout session","data":{"reference":"booking-1754975069139","amount":500,"description":"Bokning: Introduktion"}}
{"timestamp":"2025-08-12T05:04:31.066Z","level":"debug","category":"payment","message":"Loading Qliro settings from database"}
{"timestamp":"2025-08-12T05:04:31.652Z","level":"info","category":"payment","message":"Qliro settings loaded successfully","data":{"environment":"sandbox","apiUrl":"https://playground.qliro.com","hasApiKey":true,"hasApiSecret":true}}
{"timestamp":"2025-08-12T05:04:31.653Z","level":"info","category":"payment","message":"Creating Qliro checkout","data":{"reference":"booking-1754975069139","amount":500,"environment":"sandbox"}}
{"timestamp":"2025-08-12T05:04:31.689Z","level":"error","category":"payment","message":"Failed to create Qliro checkout","data":{"error":"fetch failed","reference":"booking-1754975069139"}}
{"timestamp":"2025-08-12T05:04:31.691Z","level":"error","category":"payment","message":"Failed to create Qliro checkout session","data":{"error":"fetch failed"}}
{"timestamp":"2025-08-12T05:12:04.521Z","level":"info","category":"payment","message":"Creating Qliro checkout session","data":{"reference":"booking-1754975523897","amount":500,"description":"Bokning: Introduktion"}}
{"timestamp":"2025-08-12T05:12:04.524Z","level":"debug","category":"payment","message":"Loading Qliro settings from database"}
{"timestamp":"2025-08-12T05:12:04.572Z","level":"info","category":"payment","message":"Qliro settings loaded successfully","data":{"environment":"sandbox","apiUrl":"https://playground.qliro.com","hasApiKey":true,"hasApiSecret":true}}
{"timestamp":"2025-08-12T05:12:04.574Z","level":"info","category":"payment","message":"Creating Qliro checkout","data":{"reference":"booking-1754975523897","amount":500,"environment":"sandbox"}}
{"timestamp":"2025-08-12T05:12:04.601Z","level":"error","category":"payment","message":"Failed to create Qliro checkout","data":{"error":"fetch failed","reference":"booking-1754975523897"}}
{"timestamp":"2025-08-12T05:12:04.603Z","level":"error","category":"payment","message":"Failed to create Qliro checkout session","data":{"error":"fetch failed"}}
{"timestamp":"2025-08-12T12:09:42.296Z","level":"debug","category":"payment","message":"Loading Qliro settings from database"}
{"timestamp":"2025-08-12T12:09:42.867Z","level":"info","category":"payment","message":"Qliro settings loaded successfully","data":{"environment":"sandbox","apiUrl":"https://playground.qliro.com","hasApiKey":true,"hasApiSecret":true}}
{"timestamp":"2025-08-12T12:09:42.872Z","level":"info","category":"payment","message":"Testing Qliro connection","data":{"environment":"sandbox","apiUrl":"https://playground.qliro.com"}}
{"timestamp":"2025-08-12T12:09:42.877Z","level":"info","category":"payment","message":"Creating Qliro checkout","data":{"reference":"test_1755000582876","amount":1,"environment":"sandbox"}}
{"timestamp":"2025-08-12T12:09:43.127Z","level":"debug","category":"payment","message":"Qliro request prepared","data":{"url":"https://playground.qliro.com/checkout/merchantapi/Orders","environment":"sandbox","payloadPreview":"{\"MerchantApiKey\":\"QTEST\",\"MerchantReference\":\"test_1755000582876\",\"Currency\":\"SEK\",\"Country\":\"SE\",\"Language\":\"sv-se\",\"MerchantTermsUrl\":\"http://localhost:3000/kopvillkor\",\"MerchantIntegrityPolicyUrl\"","tokenPreview":"f2j3V0iqKI8a..."}}
{"timestamp":"2025-08-12T12:09:43.163Z","level":"error","category":"payment","message":"Failed to create Qliro checkout","data":{"error":"fetch failed","reference":"test_1755000582876"}}
{"timestamp":"2025-08-12T12:09:43.165Z","level":"error","category":"payment","message":"Qliro connection test failed","data":{"error":"fetch failed"}}
{"timestamp":"2025-08-12T12:09:46.718Z","level":"debug","category":"payment","message":"Loading Qliro settings from database"}
{"timestamp":"2025-08-12T12:09:46.776Z","level":"info","category":"payment","message":"Qliro settings loaded successfully","data":{"environment":"sandbox","apiUrl":"https://playground.qliro.com","hasApiKey":true,"hasApiSecret":true}}
{"timestamp":"2025-08-12T12:09:46.778Z","level":"info","category":"payment","message":"Testing Qliro connection","data":{"environment":"sandbox","apiUrl":"https://playground.qliro.com"}}
{"timestamp":"2025-08-12T12:09:46.779Z","level":"info","category":"payment","message":"Creating Qliro checkout","data":{"reference":"test_1755000586779","amount":1,"environment":"sandbox"}}
{"timestamp":"2025-08-12T12:09:47.216Z","level":"debug","category":"payment","message":"Qliro request prepared","data":{"url":"https://playground.qliro.com/checkout/merchantapi/Orders","environment":"sandbox","payloadPreview":"{\"MerchantApiKey\":\"QTEST\",\"MerchantReference\":\"test_1755000586779\",\"Currency\":\"SEK\",\"Country\":\"SE\",\"Language\":\"sv-se\",\"MerchantTermsUrl\":\"http://localhost:3000/kopvillkor\",\"MerchantIntegrityPolicyUrl\"","tokenPreview":"INWaYkgcdHaE..."}}
{"timestamp":"2025-08-12T12:09:47.244Z","level":"error","category":"payment","message":"Failed to create Qliro checkout","data":{"error":"fetch failed","reference":"test_1755000586779"}}
{"timestamp":"2025-08-12T12:09:47.245Z","level":"error","category":"payment","message":"Qliro connection test failed","data":{"error":"fetch failed"}}
{"timestamp":"2025-08-12T12:21:29.737Z","level":"info","category":"payment","message":"Creating Qliro checkout session","data":{"reference":"booking_0ef649b8-8edb-4204-8013-588e1c987dce","amount":750,"description":"Bokning 0ef649b"}}
{"timestamp":"2025-08-12T12:21:29.744Z","level":"debug","category":"payment","message":"Loading Qliro settings from database"}
{"timestamp":"2025-08-12T12:21:30.505Z","level":"info","category":"payment","message":"Qliro settings loaded successfully","data":{"environment":"sandbox","apiUrl":"https://playground.qliro.com","hasApiKey":true,"hasApiSecret":true}}
{"timestamp":"2025-08-12T12:21:30.888Z","level":"info","category":"payment","message":"Creating Qliro checkout","data":{"reference":"booking_0ef649b8-8edb-4204-8013-588e1c987dce","amount":750,"environment":"sandbox"}}
{"timestamp":"2025-08-12T12:21:30.954Z","level":"debug","category":"payment","message":"Qliro request prepared","data":{"url":"https://playground.qliro.com/checkout/merchantapi/Orders","environment":"sandbox","payloadPreview":"{\"MerchantApiKey\":\"QTEST\",\"MerchantReference\":\"booking_0ef649b8-8edb-420\",\"Currency\":\"SEK\",\"Country\":\"SE\",\"Language\":\"sv-se\",\"MerchantTermsUrl\":\"http://localhost:3000/kopvillkor\",\"MerchantIntegrityPol","tokenPreview":"jRXgQU+i5Vl3..."}}
{"timestamp":"2025-08-12T12:21:31.393Z","level":"error","category":"payment","message":"Failed to create Qliro checkout","data":{"error":"fetch failed","reference":"booking_0ef649b8-8edb-4204-8013-588e1c987dce"}}
{"timestamp":"2025-08-12T12:21:31.394Z","level":"error","category":"payment","message":"Failed to create Qliro checkout session","data":{"error":"fetch failed"}}
{"timestamp":"2025-08-12T13:02:06.352Z","level":"info","category":"payment","message":"Creating Qliro checkout session","data":{"reference":"handledar_9ce0d6e8-7a8c-4c23-bf83-9f9aa9559b19","amount":1500,"description":"Handledarutbildning fredag 15 augusti 2025"}}
{"timestamp":"2025-08-12T13:02:06.358Z","level":"debug","category":"payment","message":"Loading Qliro settings from database"}
{"timestamp":"2025-08-12T13:02:07.037Z","level":"info","category":"payment","message":"Qliro settings loaded successfully","data":{"environment":"sandbox","apiUrl":"https://playground.qliro.com","hasApiKey":true,"hasApiSecret":true}}
{"timestamp":"2025-08-12T13:02:07.335Z","level":"info","category":"payment","message":"Creating Qliro checkout","data":{"reference":"handledar_9ce0d6e8-7a8c-4c23-bf83-9f9aa9559b19","amount":1500,"environment":"sandbox"}}
{"timestamp":"2025-08-12T13:02:07.907Z","level":"debug","category":"payment","message":"Qliro request prepared","data":{"url":"https://playground.qliro.com/checkout/merchantapi/Orders","environment":"sandbox","payloadPreview":"{\"MerchantApiKey\":\"QTEST\",\"MerchantReference\":\"handledar_9ce0d6e8-7a8c-4\",\"Currency\":\"SEK\",\"Country\":\"SE\",\"Language\":\"sv-se\",\"MerchantTermsUrl\":\"http://localhost:3000/kopvillkor\",\"MerchantIntegrityPol","tokenPreview":"2uNo7P1TVBP6..."}}
{"timestamp":"2025-08-12T13:02:08.047Z","level":"error","category":"payment","message":"Failed to create Qliro checkout","data":{"error":"fetch failed","reference":"handledar_9ce0d6e8-7a8c-4c23-bf83-9f9aa9559b19"}}
{"timestamp":"2025-08-12T13:02:08.052Z","level":"error","category":"payment","message":"Failed to create Qliro checkout session","data":{"error":"fetch failed"}}
{"timestamp":"2025-08-12T19:05:26.390Z","level":"debug","category":"payment","message":"Loading Qliro settings from database"}
{"timestamp":"2025-08-12T19:05:26.552Z","level":"info","category":"payment","message":"Qliro settings loaded successfully","data":{"environment":"sandbox","apiUrl":"https://playground.qliro.com","hasApiKey":true,"hasApiSecret":true}}
{"timestamp":"2025-08-12T19:05:27.238Z","level":"info","category":"payment","message":"Creating Qliro checkout","data":{"reference":"6f81097f-59ab-4515-a7cf-3fc1d8f60e75","amount":2340,"environment":"sandbox"}}
{"timestamp":"2025-08-12T19:05:27.310Z","level":"debug","category":"payment","message":"Qliro request prepared","data":{"url":"https://playground.qliro.com/checkout/merchantapi/Orders","environment":"sandbox","payloadPreview":"{\"MerchantApiKey\":\"QTEST\",\"MerchantReference\":\"6f81097f-59ab-4515-a7cf-3\",\"Currency\":\"SEK\",\"Country\":\"SE\",\"Language\":\"sv-se\",\"MerchantTermsUrl\":\"http://localhost:3000/kopvillkor\",\"MerchantIntegrityPol","tokenPreview":"60IuSc4j96GI..."}}
{"timestamp":"2025-08-12T19:05:27.399Z","level":"error","category":"payment","message":"Failed to create Qliro checkout","data":{"error":"fetch failed","reference":"6f81097f-59ab-4515-a7cf-3fc1d8f60e75"}}
