{"timestamp":"2025-08-05T09:24:57.476Z","level":"info","category":"payment","message":"Creating Qliro checkout session","data":{"reference":"booking-1754385895466","amount":750,"description":"Bokning: B-körkort"}}
{"timestamp":"2025-08-05T09:24:57.479Z","level":"debug","category":"payment","message":"Loading Qliro settings from database"}
{"timestamp":"2025-08-05T09:24:57.507Z","level":"info","category":"payment","message":"Qliro settings loaded successfully","data":{"environment":"sandbox","merchantId":"100","apiUrl":"https://playground.qliro.com"}}
{"timestamp":"2025-08-05T09:24:57.509Z","level":"info","category":"payment","message":"Creating Qliro checkout","data":{"reference":"booking-1754385895466","amount":750,"environment":"sandbox"}}
{"timestamp":"2025-08-05T09:24:57.585Z","level":"error","category":"payment","message":"Failed to create Qliro checkout","data":{"error":"fetch failed","reference":"booking-1754385895466"}}
{"timestamp":"2025-08-05T09:24:57.587Z","level":"error","category":"payment","message":"Failed to create Qliro checkout session","data":{"error":"fetch failed"}}
{"timestamp":"2025-08-05T10:39:12.176Z","level":"info","category":"payment","message":"Creating Qliro checkout session","data":{"reference":"booking-1754390351261","amount":750,"description":"Bokning: B-körkort"}}
{"timestamp":"2025-08-05T10:39:12.182Z","level":"debug","category":"payment","message":"Loading Qliro settings from database"}
{"timestamp":"2025-08-05T10:39:12.229Z","level":"info","category":"payment","message":"Qliro settings loaded successfully","data":{"environment":"sandbox","merchantId":"100","apiUrl":"https://playground.qliro.com"}}
{"timestamp":"2025-08-05T10:39:12.231Z","level":"info","category":"payment","message":"Creating Qliro checkout","data":{"reference":"booking-1754390351261","amount":750,"environment":"sandbox"}}
{"timestamp":"2025-08-05T10:39:12.626Z","level":"error","category":"payment","message":"Failed to create Qliro checkout","data":{"error":"fetch failed","reference":"booking-1754390351261"}}
{"timestamp":"2025-08-05T10:39:12.628Z","level":"error","category":"payment","message":"Failed to create Qliro checkout session","data":{"error":"fetch failed"}}
{"timestamp":"2025-08-05T10:54:04.636Z","level":"info","category":"payment","message":"Creating Qliro checkout session","data":{"reference":"booking-1754391243881","amount":750,"description":"Bokning: B-körkort"}}
{"timestamp":"2025-08-05T10:54:04.640Z","level":"debug","category":"payment","message":"Loading Qliro settings from database"}
{"timestamp":"2025-08-05T10:54:04.742Z","level":"info","category":"payment","message":"Qliro settings loaded successfully","data":{"environment":"sandbox","merchantId":"100","apiUrl":"https://playground.qliro.com"}}
{"timestamp":"2025-08-05T10:54:04.744Z","level":"info","category":"payment","message":"Creating Qliro checkout","data":{"reference":"booking-1754391243881","amount":750,"environment":"sandbox"}}
{"timestamp":"2025-08-05T10:54:05.152Z","level":"error","category":"payment","message":"Failed to create Qliro checkout","data":{"error":"fetch failed","reference":"booking-1754391243881"}}
{"timestamp":"2025-08-05T10:54:05.153Z","level":"warn","category":"payment","message":"Network error detected, falling back to mock mode","data":{"error":"fetch failed","reference":"booking-1754391243881"}}
{"timestamp":"2025-08-05T10:54:05.155Z","level":"info","category":"payment","message":"Qliro checkout session created successfully","data":{"checkoutId":"mock_booking-1754391243881","reference":"booking-1754391243881","isMock":true}}
{"timestamp":"2025-08-05T11:45:00.711Z","level":"info","category":"payment","message":"Creating Qliro checkout session","data":{"reference":"booking-1754394299361","amount":750,"description":"Bokning: B-körkort"}}
{"timestamp":"2025-08-05T11:45:00.717Z","level":"debug","category":"payment","message":"Loading Qliro settings from database"}
{"timestamp":"2025-08-05T11:45:01.131Z","level":"info","category":"payment","message":"Qliro settings loaded successfully","data":{"environment":"sandbox","merchantId":"100","apiUrl":"https://playground.qliro.com"}}
{"timestamp":"2025-08-05T11:45:01.133Z","level":"info","category":"payment","message":"Creating Qliro checkout","data":{"reference":"booking-1754394299361","amount":750,"environment":"sandbox"}}
{"timestamp":"2025-08-05T11:45:01.181Z","level":"error","category":"payment","message":"Failed to create Qliro checkout","data":{"error":"fetch failed","reference":"booking-1754394299361"}}
{"timestamp":"2025-08-05T11:45:01.182Z","level":"warn","category":"payment","message":"Network error detected, falling back to mock mode","data":{"error":"fetch failed","reference":"booking-1754394299361"}}
{"timestamp":"2025-08-05T11:45:01.183Z","level":"info","category":"payment","message":"Qliro checkout session created successfully","data":{"checkoutId":"mock_booking-1754394299361","reference":"booking-1754394299361","isMock":true}}
